[04/17 11:37:51][INFO] train_net.py: 424: Train with config:
[04/17 11:37:51][INFO] train_net.py: 425: {'AUG': {'AA_TYPE': 'rand-m9-mstd0.5-inc1',
         'COLOR_JITTER': 0.4,
         'ENABLE': True,
         'INTERPOLATION': 'bicubic',
         'NUM_SAMPLE': 1,
         'RE_COUNT': 1,
         'RE_MODE': 'pixel',
         'RE_PROB': 0.25,
         'RE_SPLIT': False},
 'AVA': {'ANNOTATION_DIR': '/mnt/vol/gfsai-flash3-east/ai-group/users/haoqifan/ava/frame_list/',
         'BGR': False,
         'DETECTION_SCORE_THRESH': 0.9,
         'EXCLUSION_FILE': 'ava_val_excluded_timestamps_v2.2.csv',
         'FRAME_DIR': '/mnt/fair-flash3-east/ava_trainval_frames.img/',
         'FRAME_LIST_DIR': '/mnt/vol/gfsai-flash3-east/ai-group/users/haoqifan/ava/frame_list/',
         'FULL_TEST_ON_VAL': False,
         'GROUNDTRUTH_FILE': 'ava_val_v2.2.csv',
         'IMG_PROC_BACKEND': 'cv2',
         'LABEL_MAP_FILE': 'ava_action_list_v2.2_for_activitynet_2019.pbtxt',
         'TEST_FORCE_FLIP': False,
         'TEST_LISTS': ['val.csv'],
         'TEST_PREDICT_BOX_LISTS': ['ava_val_predicted_boxes.csv'],
         'TRAIN_GT_BOX_LISTS': ['ava_train_v2.2.csv'],
         'TRAIN_LISTS': ['train.csv'],
         'TRAIN_PCA_JITTER_ONLY': True,
         'TRAIN_PREDICT_BOX_LISTS': [],
         'TRAIN_USE_COLOR_AUGMENTATION': False},
 'BENCHMARK': CfgNode({'NUM_EPOCHS': 5, 'LOG_PERIOD': 100, 'SHUFFLE': True}),
 'BN': {'NORM_TYPE': 'batchnorm',
        'NUM_BATCHES_PRECISE': 200,
        'NUM_SPLITS': 1,
        'NUM_SYNC_DEVICES': 1,
        'USE_PRECISE_STATS': True,
        'WEIGHT_DECAY': 0.0},
 'DATA': {'DECODING_BACKEND': 'pyav',
          'ENSEMBLE_METHOD': 'sum',
          'INPUT_CHANNEL_NUM': [3, 3],
          'INV_UNIFORM_SAMPLE': False,
          'MEAN': [0.45, 0.45, 0.45],
          'MULTI_LABEL': False,
          'NUM_FRAMES': 32,
          'PATH_LABEL_SEPARATOR': ',',
          'PATH_PREFIX': '',
          'PATH_TO_DATA_DIR': 'data',
          'PATH_TO_PRELOAD_IMDB': '',
          'RANDOM_FLIP': True,
          'REVERSE_INPUT_CHANNEL': False,
          'SAMPLING_RATE': 2,
          'STD': [0.225, 0.225, 0.225],
          'TARGET_FPS': 30,
          'TEST_CROP_SIZE': 256,
          'TRAIN_CROP_SIZE': 224,
          'TRAIN_JITTER_ASPECT_RELATIVE': [],
          'TRAIN_JITTER_MOTION_SHIFT': False,
          'TRAIN_JITTER_SCALES': [256, 320],
          'TRAIN_JITTER_SCALES_RELATIVE': [],
          'TRAIN_PCA_EIGVAL': [0.225, 0.224, 0.229],
          'TRAIN_PCA_EIGVEC': [[-0.5675, 0.7192, 0.4009],
                               [-0.5808, -0.0045, -0.814],
                               [-0.5836, -0.6948, 0.4203]],
          'USE_OFFSET_SAMPLING': False},
 'DATA_LOADER': {'ENABLE_MULTI_THREAD_DECODE': False,
                 'NUM_WORKERS': 1,
                 'PIN_MEMORY': True},
 'DEMO': {'BUFFER_SIZE': 0,
          'CLIP_VIS_SIZE': 10,
          'COMMON_CLASS_NAMES': ['watch (a person)',
                                 'talk to (e.g., self, a person, a group)',
                                 'listen to (a person)',
                                 'touch (an object)',
                                 'carry/hold (an object)',
                                 'walk',
                                 'sit',
                                 'lie/sleep',
                                 'bend/bow (at the waist)'],
          'COMMON_CLASS_THRES': 0.7,
          'DETECTRON2_CFG': 'COCO-Detection/faster_rcnn_R_50_FPN_3x.yaml',
          'DETECTRON2_THRESH': 0.9,
          'DETECTRON2_WEIGHTS': 'detectron2://COCO-Detection/faster_rcnn_R_50_FPN_3x/137849458/model_final_280758.pkl',
          'DISPLAY_HEIGHT': 0,
          'DISPLAY_WIDTH': 0,
          'ENABLE': False,
          'FPS': 30,
          'GT_BOXES': '',
          'INPUT_FORMAT': 'BGR',
          'INPUT_VIDEO': '',
          'LABEL_FILE_PATH': '',
          'NUM_CLIPS_SKIP': 0,
          'NUM_VIS_INSTANCES': 2,
          'OUTPUT_FILE': '',
          'OUTPUT_FPS': -1,
          'PREDS_BOXES': '',
          'SLOWMO': 1,
          'STARTING_SECOND': 900,
          'THREAD_ENABLE': False,
          'UNCOMMON_CLASS_THRES': 0.3,
          'VIS_MODE': 'thres',
          'WEBCAM': -1},
 'DETECTION': {'ALIGNED': True,
               'ENABLE': False,
               'ROI_XFORM_RESOLUTION': 7,
               'SPATIAL_SCALE_FACTOR': 16},
 'DIST_BACKEND': 'nccl',
 'LOG_MODEL_INFO': True,
 'LOG_PERIOD': 10,
 'MIXUP': {'ALPHA': 0.8,
           'CUTMIX_ALPHA': 1.0,
           'ENABLE': False,
           'LABEL_SMOOTH_VALUE': 0.1,
           'PROB': 1.0,
           'SWITCH_PROB': 0.5},
 'MODEL': {'ACT_CHECKPOINT': False,
           'ARCH': 'slowfast',
           'DROPCONNECT_RATE': 0.0,
           'DROPOUT_RATE': 0.5,
           'FC_INIT_STD': 0.01,
           'HEAD_ACT': 'softmax',
           'LOSS_FUNC': 'cross_entropy',
           'MODEL_NAME': 'SlowFast',
           'MULTI_PATHWAY_ARCH': ['slowfast'],
           'NUM_CLASSES': 18,
           'SINGLE_PATHWAY_ARCH': ['2d', 'c2d', 'i3d', 'slow', 'x3d', 'mvit']},
 'MULTIGRID': {'BN_BASE_SIZE': 8,
               'DEFAULT_B': 0,
               'DEFAULT_S': 0,
               'DEFAULT_T': 0,
               'EPOCH_FACTOR': 1.5,
               'EVAL_FREQ': 3,
               'LONG_CYCLE': False,
               'LONG_CYCLE_FACTORS': [(0.25, 0.7071067811865476),
                                      (0.5, 0.7071067811865476),
                                      (0.5, 1),
                                      (1, 1)],
               'LONG_CYCLE_SAMPLING_RATE': 0,
               'SHORT_CYCLE': False,
               'SHORT_CYCLE_FACTORS': [0.5, 0.7071067811865476]},
 'MVIT': {'CLS_EMBED_ON': True,
          'DEPTH': 16,
          'DIM_MUL': [],
          'DROPOUT_RATE': 0.0,
          'DROPPATH_RATE': 0.1,
          'EMBED_DIM': 96,
          'HEAD_MUL': [],
          'MLP_RATIO': 4.0,
          'MODE': 'conv',
          'NORM': 'layernorm',
          'NORM_STEM': False,
          'NUM_HEADS': 1,
          'PATCH_2D': False,
          'PATCH_KERNEL': [3, 7, 7],
          'PATCH_PADDING': [2, 4, 4],
          'PATCH_STRIDE': [2, 4, 4],
          'POOL_FIRST': False,
          'POOL_KVQ_KERNEL': None,
          'POOL_KV_STRIDE': None,
          'POOL_KV_STRIDE_ADAPTIVE': None,
          'POOL_Q_STRIDE': [],
          'QKV_BIAS': True,
          'SEP_POS_EMBED': False,
          'ZERO_DECAY_POS_CLS': True},
 'NONLOCAL': {'GROUP': [[1, 1], [1, 1], [1, 1], [1, 1]],
              'INSTANTIATION': 'dot_product',
              'LOCATION': [[[], []], [[], []], [[], []], [[], []]],
              'POOL': [[[1, 2, 2], [1, 2, 2]],
                       [[1, 2, 2], [1, 2, 2]],
                       [[1, 2, 2], [1, 2, 2]],
                       [[1, 2, 2], [1, 2, 2]]]},
 'NUM_GPUS': 2,
 'NUM_SHARDS': 1,
 'OUTPUT_DIR': '.',
 'RESNET': {'DEPTH': 50,
            'INPLACE_RELU': True,
            'NUM_BLOCK_TEMP_KERNEL': [[3, 3], [4, 4], [6, 6], [3, 3]],
            'NUM_GROUPS': 1,
            'SPATIAL_DILATIONS': [[1, 1], [1, 1], [1, 1], [1, 1]],
            'SPATIAL_STRIDES': [[1, 1], [2, 2], [2, 2], [2, 2]],
            'STRIDE_1X1': False,
            'TRANS_FUNC': 'bottleneck_transform',
            'WIDTH_PER_GROUP': 64,
            'ZERO_INIT_FINAL_BN': True},
 'RNG_SEED': 0,
 'SHARD_ID': 0,
 'SLOWFAST': {'ALPHA': 4,
              'BETA_INV': 8,
              'FUSION_CONV_CHANNEL_RATIO': 2,
              'FUSION_KERNEL_SZ': 7},
 'SOLVER': {'BASE_LR': 1e-05,
            'BASE_LR_SCALE_NUM_SHARDS': False,
            'CLIP_GRAD_L2NORM': None,
            'CLIP_GRAD_VAL': None,
            'COSINE_AFTER_WARMUP': False,
            'COSINE_END_LR': 0.0,
            'DAMPENING': 0.0,
            'GAMMA': 0.1,
            'LRS': [],
            'LR_POLICY': 'cosine',
            'MAX_EPOCH': 1,
            'MOMENTUM': 0.9,
            'NESTEROV': True,
            'OPTIMIZING_METHOD': 'sgd',
            'STEPS': [],
            'STEP_SIZE': 1,
            'WARMUP_EPOCHS': 34.0,
            'WARMUP_FACTOR': 0.1,
            'WARMUP_START_LR': 0.001,
            'WEIGHT_DECAY': 0.0001,
            'ZERO_WD_1D_PARAM': False},
 'TENSORBOARD': {'CATEGORIES_PATH': '',
                 'CLASS_NAMES_PATH': 'data/class_names.json',
                 'CONFUSION_MATRIX': {'ENABLE': True,
                                      'FIGSIZE': [8, 8],
                                      'SUBSET_PATH': ''},
                 'ENABLE': False,
                 'HISTOGRAM': {'ENABLE': True,
                               'FIGSIZE': [8, 8],
                               'SUBSET_PATH': '',
                               'TOPK': 10},
                 'LOG_DIR': '',
                 'MODEL_VIS': {'ACTIVATIONS': False,
                               'COLORMAP': 'Pastel2',
                               'ENABLE': True,
                               'GRAD_CAM': {'COLORMAP': 'viridis',
                                            'ENABLE': False,
                                            'LAYER_LIST': ['head/pathway0_avgpool',
                                                           'head/pathway1_avgpool'],
                                            'USE_TRUE_LABEL': True},
                               'INPUT_VIDEO': False,
                               'LAYER_LIST': ['head/pathway0_avgpool',
                                              'head/pathway1_avgpool'],
                               'MODEL_WEIGHTS': False,
                               'TOPK_PREDS': 1},
                 'PREDICTIONS_PATH': '',
                 'WRONG_PRED_VIS': {'ENABLE': True,
                                    'SUBSET_PATH': '',
                                    'TAG': 'Incorrectly classified videos.'}},
 'TEST': {'BATCH_SIZE': 2,
          'CHECKPOINT_FILE_PATH': '',
          'CHECKPOINT_TYPE': 'pytorch',
          'DATASET': 'kinetics',
          'ENABLE': False,
          'NUM_ENSEMBLE_VIEWS': 10,
          'NUM_SPATIAL_CROPS': 3,
          'SAVE_RESULTS_PATH': ''},
 'TRAIN': {'AUTO_RESUME': True,
           'BATCH_SIZE': 12,
           'CHECKPOINT_CLEAR_NAME_PATTERN': (),
           'CHECKPOINT_EPOCH_RESET': False,
           'CHECKPOINT_FILE_PATH': 'checkpoints/SLOWFAST_8x8_R50.pkl',
           'CHECKPOINT_INFLATE': False,
           'CHECKPOINT_PERIOD': 5,
           'CHECKPOINT_TYPE': 'caffe2',
           'DATASET': 'kinetics',
           'ENABLE': True,
           'EVAL_PERIOD': 5,
           'MIXED_PRECISION': False},
 'X3D': {'BN_LIN5': False,
         'BOTTLENECK_FACTOR': 1.0,
         'CHANNELWISE_3x3x3': True,
         'DEPTH_FACTOR': 1.0,
         'DIM_C1': 12,
         'DIM_C5': 2048,
         'SCALE_RES2': False,
         'WIDTH_FACTOR': 1.0}}
[04/17 11:37:55][INFO] misc.py: 183: Model:
DistributedDataParallel(
  (module): SlowFast(
    (s1): VideoModelStem(
      (pathway0_stem): ResNetBasicStem(
        (conv): Conv3d(3, 64, kernel_size=[1, 7, 7], stride=[1, 2, 2], padding=[0, 3, 3], bias=False)
        (bn): BatchNorm3d(64, eps=1e-05, momentum=0.1, affine=True, track_running_stats=True)
        (relu): ReLU(inplace=True)
        (pool_layer): MaxPool3d(kernel_size=[1, 3, 3], stride=[1, 2, 2], padding=[0, 1, 1], dilation=1, ceil_mode=False)
      )
      (pathway1_stem): ResNetBasicStem(
        (conv): Conv3d(3, 8, kernel_size=[5, 7, 7], stride=[1, 2, 2], padding=[2, 3, 3], bias=False)
        (bn): BatchNorm3d(8, eps=1e-05, momentum=0.1, affine=True, track_running_stats=True)
        (relu): ReLU(inplace=True)
        (pool_layer): MaxPool3d(kernel_size=[1, 3, 3], stride=[1, 2, 2], padding=[0, 1, 1], dilation=1, ceil_mode=False)
      )
    )
    (s1_fuse): FuseFastToSlow(
      (conv_f2s): Conv3d(8, 16, kernel_size=[7, 1, 1], stride=[4, 1, 1], padding=[3, 0, 0], bias=False)
      (bn): BatchNorm3d(16, eps=1e-05, momentum=0.1, affine=True, track_running_stats=True)
      (relu): ReLU(inplace=True)
    )
    (s2): ResStage(
      (pathway0_res0): ResBlock(
        (branch1): Conv3d(80, 256, kernel_size=(1, 1, 1), stride=[1, 1, 1], bias=False)
        (branch1_bn): BatchNorm3d(256, eps=1e-05, momentum=0.1, affine=True, track_running_stats=True)
        (branch2): BottleneckTransform(
          (a): Conv3d(80, 64, kernel_size=[1, 1, 1], stride=[1, 1, 1], padding=[0, 0, 0], bias=False)
          (a_bn): BatchNorm3d(64, eps=1e-05, momentum=0.1, affine=True, track_running_stats=True)
          (a_relu): ReLU(inplace=True)
          (b): Conv3d(64, 64, kernel_size=[1, 3, 3], stride=[1, 1, 1], padding=[0, 1, 1], dilation=[1, 1, 1], bias=False)
          (b_bn): BatchNorm3d(64, eps=1e-05, momentum=0.1, affine=True, track_running_stats=True)
          (b_relu): ReLU(inplace=True)
          (c): Conv3d(64, 256, kernel_size=[1, 1, 1], stride=[1, 1, 1], padding=[0, 0, 0], bias=False)
          (c_bn): BatchNorm3d(256, eps=1e-05, momentum=0.1, affine=True, track_running_stats=True)
        )
        (relu): ReLU(inplace=True)
      )
      (pathway0_res1): ResBlock(
        (branch2): BottleneckTransform(
          (a): Conv3d(256, 64, kernel_size=[1, 1, 1], stride=[1, 1, 1], padding=[0, 0, 0], bias=False)
          (a_bn): BatchNorm3d(64, eps=1e-05, momentum=0.1, affine=True, track_running_stats=True)
          (a_relu): ReLU(inplace=True)
          (b): Conv3d(64, 64, kernel_size=[1, 3, 3], stride=[1, 1, 1], padding=[0, 1, 1], dilation=[1, 1, 1], bias=False)
          (b_bn): BatchNorm3d(64, eps=1e-05, momentum=0.1, affine=True, track_running_stats=True)
          (b_relu): ReLU(inplace=True)
          (c): Conv3d(64, 256, kernel_size=[1, 1, 1], stride=[1, 1, 1], padding=[0, 0, 0], bias=False)
          (c_bn): BatchNorm3d(256, eps=1e-05, momentum=0.1, affine=True, track_running_stats=True)
        )
        (relu): ReLU(inplace=True)
      )
      (pathway0_res2): ResBlock(
        (branch2): BottleneckTransform(
          (a): Conv3d(256, 64, kernel_size=[1, 1, 1], stride=[1, 1, 1], padding=[0, 0, 0], bias=False)
          (a_bn): BatchNorm3d(64, eps=1e-05, momentum=0.1, affine=True, track_running_stats=True)
          (a_relu): ReLU(inplace=True)
          (b): Conv3d(64, 64, kernel_size=[1, 3, 3], stride=[1, 1, 1], padding=[0, 1, 1], dilation=[1, 1, 1], bias=False)
          (b_bn): BatchNorm3d(64, eps=1e-05, momentum=0.1, affine=True, track_running_stats=True)
          (b_relu): ReLU(inplace=True)
          (c): Conv3d(64, 256, kernel_size=[1, 1, 1], stride=[1, 1, 1], padding=[0, 0, 0], bias=False)
          (c_bn): BatchNorm3d(256, eps=1e-05, momentum=0.1, affine=True, track_running_stats=True)
        )
        (relu): ReLU(inplace=True)
      )
      (pathway1_res0): ResBlock(
        (branch1): Conv3d(8, 32, kernel_size=(1, 1, 1), stride=[1, 1, 1], bias=False)
        (branch1_bn): BatchNorm3d(32, eps=1e-05, momentum=0.1, affine=True, track_running_stats=True)
        (branch2): BottleneckTransform(
          (a): Conv3d(8, 8, kernel_size=[3, 1, 1], stride=[1, 1, 1], padding=[1, 0, 0], bias=False)
          (a_bn): BatchNorm3d(8, eps=1e-05, momentum=0.1, affine=True, track_running_stats=True)
          (a_relu): ReLU(inplace=True)
          (b): Conv3d(8, 8, kernel_size=[1, 3, 3], stride=[1, 1, 1], padding=[0, 1, 1], dilation=[1, 1, 1], bias=False)
          (b_bn): BatchNorm3d(8, eps=1e-05, momentum=0.1, affine=True, track_running_stats=True)
          (b_relu): ReLU(inplace=True)
          (c): Conv3d(8, 32, kernel_size=[1, 1, 1], stride=[1, 1, 1], padding=[0, 0, 0], bias=False)
          (c_bn): BatchNorm3d(32, eps=1e-05, momentum=0.1, affine=True, track_running_stats=True)
        )
        (relu): ReLU(inplace=True)
      )
      (pathway1_res1): ResBlock(
        (branch2): BottleneckTransform(
          (a): Conv3d(32, 8, kernel_size=[3, 1, 1], stride=[1, 1, 1], padding=[1, 0, 0], bias=False)
          (a_bn): BatchNorm3d(8, eps=1e-05, momentum=0.1, affine=True, track_running_stats=True)
          (a_relu): ReLU(inplace=True)
          (b): Conv3d(8, 8, kernel_size=[1, 3, 3], stride=[1, 1, 1], padding=[0, 1, 1], dilation=[1, 1, 1], bias=False)
          (b_bn): BatchNorm3d(8, eps=1e-05, momentum=0.1, affine=True, track_running_stats=True)
          (b_relu): ReLU(inplace=True)
          (c): Conv3d(8, 32, kernel_size=[1, 1, 1], stride=[1, 1, 1], padding=[0, 0, 0], bias=False)
          (c_bn): BatchNorm3d(32, eps=1e-05, momentum=0.1, affine=True, track_running_stats=True)
        )
        (relu): ReLU(inplace=True)
      )
      (pathway1_res2): ResBlock(
        (branch2): BottleneckTransform(
          (a): Conv3d(32, 8, kernel_size=[3, 1, 1], stride=[1, 1, 1], padding=[1, 0, 0], bias=False)
          (a_bn): BatchNorm3d(8, eps=1e-05, momentum=0.1, affine=True, track_running_stats=True)
          (a_relu): ReLU(inplace=True)
          (b): Conv3d(8, 8, kernel_size=[1, 3, 3], stride=[1, 1, 1], padding=[0, 1, 1], dilation=[1, 1, 1], bias=False)
          (b_bn): BatchNorm3d(8, eps=1e-05, momentum=0.1, affine=True, track_running_stats=True)
          (b_relu): ReLU(inplace=True)
          (c): Conv3d(8, 32, kernel_size=[1, 1, 1], stride=[1, 1, 1], padding=[0, 0, 0], bias=False)
          (c_bn): BatchNorm3d(32, eps=1e-05, momentum=0.1, affine=True, track_running_stats=True)
        )
        (relu): ReLU(inplace=True)
      )
    )
    (s2_fuse): FuseFastToSlow(
      (conv_f2s): Conv3d(32, 64, kernel_size=[7, 1, 1], stride=[4, 1, 1], padding=[3, 0, 0], bias=False)
      (bn): BatchNorm3d(64, eps=1e-05, momentum=0.1, affine=True, track_running_stats=True)
      (relu): ReLU(inplace=True)
    )
    (pathway0_pool): MaxPool3d(kernel_size=[1, 1, 1], stride=[1, 1, 1], padding=[0, 0, 0], dilation=1, ceil_mode=False)
    (pathway1_pool): MaxPool3d(kernel_size=[1, 1, 1], stride=[1, 1, 1], padding=[0, 0, 0], dilation=1, ceil_mode=False)
    (s3): ResStage(
      (pathway0_res0): ResBlock(
        (branch1): Conv3d(320, 512, kernel_size=(1, 1, 1), stride=[1, 2, 2], bias=False)
        (branch1_bn): BatchNorm3d(512, eps=1e-05, momentum=0.1, affine=True, track_running_stats=True)
        (branch2): BottleneckTransform(
          (a): Conv3d(320, 128, kernel_size=[1, 1, 1], stride=[1, 1, 1], padding=[0, 0, 0], bias=False)
          (a_bn): BatchNorm3d(128, eps=1e-05, momentum=0.1, affine=True, track_running_stats=True)
          (a_relu): ReLU(inplace=True)
          (b): Conv3d(128, 128, kernel_size=[1, 3, 3], stride=[1, 2, 2], padding=[0, 1, 1], dilation=[1, 1, 1], bias=False)
          (b_bn): BatchNorm3d(128, eps=1e-05, momentum=0.1, affine=True, track_running_stats=True)
          (b_relu): ReLU(inplace=True)
          (c): Conv3d(128, 512, kernel_size=[1, 1, 1], stride=[1, 1, 1], padding=[0, 0, 0], bias=False)
          (c_bn): BatchNorm3d(512, eps=1e-05, momentum=0.1, affine=True, track_running_stats=True)
        )
        (relu): ReLU(inplace=True)
      )
      (pathway0_res1): ResBlock(
        (branch2): BottleneckTransform(
          (a): Conv3d(512, 128, kernel_size=[1, 1, 1], stride=[1, 1, 1], padding=[0, 0, 0], bias=False)
          (a_bn): BatchNorm3d(128, eps=1e-05, momentum=0.1, affine=True, track_running_stats=True)
          (a_relu): ReLU(inplace=True)
          (b): Conv3d(128, 128, kernel_size=[1, 3, 3], stride=[1, 1, 1], padding=[0, 1, 1], dilation=[1, 1, 1], bias=False)
          (b_bn): BatchNorm3d(128, eps=1e-05, momentum=0.1, affine=True, track_running_stats=True)
          (b_relu): ReLU(inplace=True)
          (c): Conv3d(128, 512, kernel_size=[1, 1, 1], stride=[1, 1, 1], padding=[0, 0, 0], bias=False)
          (c_bn): BatchNorm3d(512, eps=1e-05, momentum=0.1, affine=True, track_running_stats=True)
        )
        (relu): ReLU(inplace=True)
      )
      (pathway0_res2): ResBlock(
        (branch2): BottleneckTransform(
          (a): Conv3d(512, 128, kernel_size=[1, 1, 1], stride=[1, 1, 1], padding=[0, 0, 0], bias=False)
          (a_bn): BatchNorm3d(128, eps=1e-05, momentum=0.1, affine=True, track_running_stats=True)
          (a_relu): ReLU(inplace=True)
          (b): Conv3d(128, 128, kernel_size=[1, 3, 3], stride=[1, 1, 1], padding=[0, 1, 1], dilation=[1, 1, 1], bias=False)
          (b_bn): BatchNorm3d(128, eps=1e-05, momentum=0.1, affine=True, track_running_stats=True)
          (b_relu): ReLU(inplace=True)
          (c): Conv3d(128, 512, kernel_size=[1, 1, 1], stride=[1, 1, 1], padding=[0, 0, 0], bias=False)
          (c_bn): BatchNorm3d(512, eps=1e-05, momentum=0.1, affine=True, track_running_stats=True)
        )
        (relu): ReLU(inplace=True)
      )
      (pathway0_res3): ResBlock(
        (branch2): BottleneckTransform(
          (a): Conv3d(512, 128, kernel_size=[1, 1, 1], stride=[1, 1, 1], padding=[0, 0, 0], bias=False)
          (a_bn): BatchNorm3d(128, eps=1e-05, momentum=0.1, affine=True, track_running_stats=True)
          (a_relu): ReLU(inplace=True)
          (b): Conv3d(128, 128, kernel_size=[1, 3, 3], stride=[1, 1, 1], padding=[0, 1, 1], dilation=[1, 1, 1], bias=False)
          (b_bn): BatchNorm3d(128, eps=1e-05, momentum=0.1, affine=True, track_running_stats=True)
          (b_relu): ReLU(inplace=True)
          (c): Conv3d(128, 512, kernel_size=[1, 1, 1], stride=[1, 1, 1], padding=[0, 0, 0], bias=False)
          (c_bn): BatchNorm3d(512, eps=1e-05, momentum=0.1, affine=True, track_running_stats=True)
        )
        (relu): ReLU(inplace=True)
      )
      (pathway1_res0): ResBlock(
        (branch1): Conv3d(32, 64, kernel_size=(1, 1, 1), stride=[1, 2, 2], bias=False)
        (branch1_bn): BatchNorm3d(64, eps=1e-05, momentum=0.1, affine=True, track_running_stats=True)
        (branch2): BottleneckTransform(
          (a): Conv3d(32, 16, kernel_size=[3, 1, 1], stride=[1, 1, 1], padding=[1, 0, 0], bias=False)
          (a_bn): BatchNorm3d(16, eps=1e-05, momentum=0.1, affine=True, track_running_stats=True)
          (a_relu): ReLU(inplace=True)
          (b): Conv3d(16, 16, kernel_size=[1, 3, 3], stride=[1, 2, 2], padding=[0, 1, 1], dilation=[1, 1, 1], bias=False)
          (b_bn): BatchNorm3d(16, eps=1e-05, momentum=0.1, affine=True, track_running_stats=True)
          (b_relu): ReLU(inplace=True)
          (c): Conv3d(16, 64, kernel_size=[1, 1, 1], stride=[1, 1, 1], padding=[0, 0, 0], bias=False)
          (c_bn): BatchNorm3d(64, eps=1e-05, momentum=0.1, affine=True, track_running_stats=True)
        )
        (relu): ReLU(inplace=True)
      )
      (pathway1_res1): ResBlock(
        (branch2): BottleneckTransform(
          (a): Conv3d(64, 16, kernel_size=[3, 1, 1], stride=[1, 1, 1], padding=[1, 0, 0], bias=False)
          (a_bn): BatchNorm3d(16, eps=1e-05, momentum=0.1, affine=True, track_running_stats=True)
          (a_relu): ReLU(inplace=True)
          (b): Conv3d(16, 16, kernel_size=[1, 3, 3], stride=[1, 1, 1], padding=[0, 1, 1], dilation=[1, 1, 1], bias=False)
          (b_bn): BatchNorm3d(16, eps=1e-05, momentum=0.1, affine=True, track_running_stats=True)
          (b_relu): ReLU(inplace=True)
          (c): Conv3d(16, 64, kernel_size=[1, 1, 1], stride=[1, 1, 1], padding=[0, 0, 0], bias=False)
          (c_bn): BatchNorm3d(64, eps=1e-05, momentum=0.1, affine=True, track_running_stats=True)
        )
        (relu): ReLU(inplace=True)
      )
      (pathway1_res2): ResBlock(
        (branch2): BottleneckTransform(
          (a): Conv3d(64, 16, kernel_size=[3, 1, 1], stride=[1, 1, 1], padding=[1, 0, 0], bias=False)
          (a_bn): BatchNorm3d(16, eps=1e-05, momentum=0.1, affine=True, track_running_stats=True)
          (a_relu): ReLU(inplace=True)
          (b): Conv3d(16, 16, kernel_size=[1, 3, 3], stride=[1, 1, 1], padding=[0, 1, 1], dilation=[1, 1, 1], bias=False)
          (b_bn): BatchNorm3d(16, eps=1e-05, momentum=0.1, affine=True, track_running_stats=True)
          (b_relu): ReLU(inplace=True)
          (c): Conv3d(16, 64, kernel_size=[1, 1, 1], stride=[1, 1, 1], padding=[0, 0, 0], bias=False)
          (c_bn): BatchNorm3d(64, eps=1e-05, momentum=0.1, affine=True, track_running_stats=True)
        )
        (relu): ReLU(inplace=True)
      )
      (pathway1_res3): ResBlock(
        (branch2): BottleneckTransform(
          (a): Conv3d(64, 16, kernel_size=[3, 1, 1], stride=[1, 1, 1], padding=[1, 0, 0], bias=False)
          (a_bn): BatchNorm3d(16, eps=1e-05, momentum=0.1, affine=True, track_running_stats=True)
          (a_relu): ReLU(inplace=True)
          (b): Conv3d(16, 16, kernel_size=[1, 3, 3], stride=[1, 1, 1], padding=[0, 1, 1], dilation=[1, 1, 1], bias=False)
          (b_bn): BatchNorm3d(16, eps=1e-05, momentum=0.1, affine=True, track_running_stats=True)
          (b_relu): ReLU(inplace=True)
          (c): Conv3d(16, 64, kernel_size=[1, 1, 1], stride=[1, 1, 1], padding=[0, 0, 0], bias=False)
          (c_bn): BatchNorm3d(64, eps=1e-05, momentum=0.1, affine=True, track_running_stats=True)
        )
        (relu): ReLU(inplace=True)
      )
    )
    (s3_fuse): FuseFastToSlow(
      (conv_f2s): Conv3d(64, 128, kernel_size=[7, 1, 1], stride=[4, 1, 1], padding=[3, 0, 0], bias=False)
      (bn): BatchNorm3d(128, eps=1e-05, momentum=0.1, affine=True, track_running_stats=True)
      (relu): ReLU(inplace=True)
    )
    (s4): ResStage(
      (pathway0_res0): ResBlock(
        (branch1): Conv3d(640, 1024, kernel_size=(1, 1, 1), stride=[1, 2, 2], bias=False)
        (branch1_bn): BatchNorm3d(1024, eps=1e-05, momentum=0.1, affine=True, track_running_stats=True)
        (branch2): BottleneckTransform(
          (a): Conv3d(640, 256, kernel_size=[3, 1, 1], stride=[1, 1, 1], padding=[1, 0, 0], bias=False)
          (a_bn): BatchNorm3d(256, eps=1e-05, momentum=0.1, affine=True, track_running_stats=True)
          (a_relu): ReLU(inplace=True)
          (b): Conv3d(256, 256, kernel_size=[1, 3, 3], stride=[1, 2, 2], padding=[0, 1, 1], dilation=[1, 1, 1], bias=False)
          (b_bn): BatchNorm3d(256, eps=1e-05, momentum=0.1, affine=True, track_running_stats=True)
          (b_relu): ReLU(inplace=True)
          (c): Conv3d(256, 1024, kernel_size=[1, 1, 1], stride=[1, 1, 1], padding=[0, 0, 0], bias=False)
          (c_bn): BatchNorm3d(1024, eps=1e-05, momentum=0.1, affine=True, track_running_stats=True)
        )
        (relu): ReLU(inplace=True)
      )
      (pathway0_res1): ResBlock(
        (branch2): BottleneckTransform(
          (a): Conv3d(1024, 256, kernel_size=[3, 1, 1], stride=[1, 1, 1], padding=[1, 0, 0], bias=False)
          (a_bn): BatchNorm3d(256, eps=1e-05, momentum=0.1, affine=True, track_running_stats=True)
          (a_relu): ReLU(inplace=True)
          (b): Conv3d(256, 256, kernel_size=[1, 3, 3], stride=[1, 1, 1], padding=[0, 1, 1], dilation=[1, 1, 1], bias=False)
          (b_bn): BatchNorm3d(256, eps=1e-05, momentum=0.1, affine=True, track_running_stats=True)
          (b_relu): ReLU(inplace=True)
          (c): Conv3d(256, 1024, kernel_size=[1, 1, 1], stride=[1, 1, 1], padding=[0, 0, 0], bias=False)
          (c_bn): BatchNorm3d(1024, eps=1e-05, momentum=0.1, affine=True, track_running_stats=True)
        )
        (relu): ReLU(inplace=True)
      )
      (pathway0_res2): ResBlock(
        (branch2): BottleneckTransform(
          (a): Conv3d(1024, 256, kernel_size=[3, 1, 1], stride=[1, 1, 1], padding=[1, 0, 0], bias=False)
          (a_bn): BatchNorm3d(256, eps=1e-05, momentum=0.1, affine=True, track_running_stats=True)
          (a_relu): ReLU(inplace=True)
          (b): Conv3d(256, 256, kernel_size=[1, 3, 3], stride=[1, 1, 1], padding=[0, 1, 1], dilation=[1, 1, 1], bias=False)
          (b_bn): BatchNorm3d(256, eps=1e-05, momentum=0.1, affine=True, track_running_stats=True)
          (b_relu): ReLU(inplace=True)
          (c): Conv3d(256, 1024, kernel_size=[1, 1, 1], stride=[1, 1, 1], padding=[0, 0, 0], bias=False)
          (c_bn): BatchNorm3d(1024, eps=1e-05, momentum=0.1, affine=True, track_running_stats=True)
        )
        (relu): ReLU(inplace=True)
      )
      (pathway0_res3): ResBlock(
        (branch2): BottleneckTransform(
          (a): Conv3d(1024, 256, kernel_size=[3, 1, 1], stride=[1, 1, 1], padding=[1, 0, 0], bias=False)
          (a_bn): BatchNorm3d(256, eps=1e-05, momentum=0.1, affine=True, track_running_stats=True)
          (a_relu): ReLU(inplace=True)
          (b): Conv3d(256, 256, kernel_size=[1, 3, 3], stride=[1, 1, 1], padding=[0, 1, 1], dilation=[1, 1, 1], bias=False)
          (b_bn): BatchNorm3d(256, eps=1e-05, momentum=0.1, affine=True, track_running_stats=True)
          (b_relu): ReLU(inplace=True)
          (c): Conv3d(256, 1024, kernel_size=[1, 1, 1], stride=[1, 1, 1], padding=[0, 0, 0], bias=False)
          (c_bn): BatchNorm3d(1024, eps=1e-05, momentum=0.1, affine=True, track_running_stats=True)
        )
        (relu): ReLU(inplace=True)
      )
      (pathway0_res4): ResBlock(
        (branch2): BottleneckTransform(
          (a): Conv3d(1024, 256, kernel_size=[3, 1, 1], stride=[1, 1, 1], padding=[1, 0, 0], bias=False)
          (a_bn): BatchNorm3d(256, eps=1e-05, momentum=0.1, affine=True, track_running_stats=True)
          (a_relu): ReLU(inplace=True)
          (b): Conv3d(256, 256, kernel_size=[1, 3, 3], stride=[1, 1, 1], padding=[0, 1, 1], dilation=[1, 1, 1], bias=False)
          (b_bn): BatchNorm3d(256, eps=1e-05, momentum=0.1, affine=True, track_running_stats=True)
          (b_relu): ReLU(inplace=True)
          (c): Conv3d(256, 1024, kernel_size=[1, 1, 1], stride=[1, 1, 1], padding=[0, 0, 0], bias=False)
          (c_bn): BatchNorm3d(1024, eps=1e-05, momentum=0.1, affine=True, track_running_stats=True)
        )
        (relu): ReLU(inplace=True)
      )
      (pathway0_res5): ResBlock(
        (branch2): BottleneckTransform(
          (a): Conv3d(1024, 256, kernel_size=[3, 1, 1], stride=[1, 1, 1], padding=[1, 0, 0], bias=False)
          (a_bn): BatchNorm3d(256, eps=1e-05, momentum=0.1, affine=True, track_running_stats=True)
          (a_relu): ReLU(inplace=True)
          (b): Conv3d(256, 256, kernel_size=[1, 3, 3], stride=[1, 1, 1], padding=[0, 1, 1], dilation=[1, 1, 1], bias=False)
          (b_bn): BatchNorm3d(256, eps=1e-05, momentum=0.1, affine=True, track_running_stats=True)
          (b_relu): ReLU(inplace=True)
          (c): Conv3d(256, 1024, kernel_size=[1, 1, 1], stride=[1, 1, 1], padding=[0, 0, 0], bias=False)
          (c_bn): BatchNorm3d(1024, eps=1e-05, momentum=0.1, affine=True, track_running_stats=True)
        )
        (relu): ReLU(inplace=True)
      )
      (pathway1_res0): ResBlock(
        (branch1): Conv3d(64, 128, kernel_size=(1, 1, 1), stride=[1, 2, 2], bias=False)
        (branch1_bn): BatchNorm3d(128, eps=1e-05, momentum=0.1, affine=True, track_running_stats=True)
        (branch2): BottleneckTransform(
          (a): Conv3d(64, 32, kernel_size=[3, 1, 1], stride=[1, 1, 1], padding=[1, 0, 0], bias=False)
          (a_bn): BatchNorm3d(32, eps=1e-05, momentum=0.1, affine=True, track_running_stats=True)
          (a_relu): ReLU(inplace=True)
          (b): Conv3d(32, 32, kernel_size=[1, 3, 3], stride=[1, 2, 2], padding=[0, 1, 1], dilation=[1, 1, 1], bias=False)
          (b_bn): BatchNorm3d(32, eps=1e-05, momentum=0.1, affine=True, track_running_stats=True)
          (b_relu): ReLU(inplace=True)
          (c): Conv3d(32, 128, kernel_size=[1, 1, 1], stride=[1, 1, 1], padding=[0, 0, 0], bias=False)
          (c_bn): BatchNorm3d(128, eps=1e-05, momentum=0.1, affine=True, track_running_stats=True)
        )
        (relu): ReLU(inplace=True)
      )
      (pathway1_res1): ResBlock(
        (branch2): BottleneckTransform(
          (a): Conv3d(128, 32, kernel_size=[3, 1, 1], stride=[1, 1, 1], padding=[1, 0, 0], bias=False)
          (a_bn): BatchNorm3d(32, eps=1e-05, momentum=0.1, affine=True, track_running_stats=True)
          (a_relu): ReLU(inplace=True)
          (b): Conv3d(32, 32, kernel_size=[1, 3, 3], stride=[1, 1, 1], padding=[0, 1, 1], dilation=[1, 1, 1], bias=False)
          (b_bn): BatchNorm3d(32, eps=1e-05, momentum=0.1, affine=True, track_running_stats=True)
          (b_relu): ReLU(inplace=True)
          (c): Conv3d(32, 128, kernel_size=[1, 1, 1], stride=[1, 1, 1], padding=[0, 0, 0], bias=False)
          (c_bn): BatchNorm3d(128, eps=1e-05, momentum=0.1, affine=True, track_running_stats=True)
        )
        (relu): ReLU(inplace=True)
      )
      (pathway1_res2): ResBlock(
        (branch2): BottleneckTransform(
          (a): Conv3d(128, 32, kernel_size=[3, 1, 1], stride=[1, 1, 1], padding=[1, 0, 0], bias=False)
          (a_bn): BatchNorm3d(32, eps=1e-05, momentum=0.1, affine=True, track_running_stats=True)
          (a_relu): ReLU(inplace=True)
          (b): Conv3d(32, 32, kernel_size=[1, 3, 3], stride=[1, 1, 1], padding=[0, 1, 1], dilation=[1, 1, 1], bias=False)
          (b_bn): BatchNorm3d(32, eps=1e-05, momentum=0.1, affine=True, track_running_stats=True)
          (b_relu): ReLU(inplace=True)
          (c): Conv3d(32, 128, kernel_size=[1, 1, 1], stride=[1, 1, 1], padding=[0, 0, 0], bias=False)
          (c_bn): BatchNorm3d(128, eps=1e-05, momentum=0.1, affine=True, track_running_stats=True)
        )
        (relu): ReLU(inplace=True)
      )
      (pathway1_res3): ResBlock(
        (branch2): BottleneckTransform(
          (a): Conv3d(128, 32, kernel_size=[3, 1, 1], stride=[1, 1, 1], padding=[1, 0, 0], bias=False)
          (a_bn): BatchNorm3d(32, eps=1e-05, momentum=0.1, affine=True, track_running_stats=True)
          (a_relu): ReLU(inplace=True)
          (b): Conv3d(32, 32, kernel_size=[1, 3, 3], stride=[1, 1, 1], padding=[0, 1, 1], dilation=[1, 1, 1], bias=False)
          (b_bn): BatchNorm3d(32, eps=1e-05, momentum=0.1, affine=True, track_running_stats=True)
          (b_relu): ReLU(inplace=True)
          (c): Conv3d(32, 128, kernel_size=[1, 1, 1], stride=[1, 1, 1], padding=[0, 0, 0], bias=False)
          (c_bn): BatchNorm3d(128, eps=1e-05, momentum=0.1, affine=True, track_running_stats=True)
        )
        (relu): ReLU(inplace=True)
      )
      (pathway1_res4): ResBlock(
        (branch2): BottleneckTransform(
          (a): Conv3d(128, 32, kernel_size=[3, 1, 1], stride=[1, 1, 1], padding=[1, 0, 0], bias=False)
          (a_bn): BatchNorm3d(32, eps=1e-05, momentum=0.1, affine=True, track_running_stats=True)
          (a_relu): ReLU(inplace=True)
          (b): Conv3d(32, 32, kernel_size=[1, 3, 3], stride=[1, 1, 1], padding=[0, 1, 1], dilation=[1, 1, 1], bias=False)
          (b_bn): BatchNorm3d(32, eps=1e-05, momentum=0.1, affine=True, track_running_stats=True)
          (b_relu): ReLU(inplace=True)
          (c): Conv3d(32, 128, kernel_size=[1, 1, 1], stride=[1, 1, 1], padding=[0, 0, 0], bias=False)
          (c_bn): BatchNorm3d(128, eps=1e-05, momentum=0.1, affine=True, track_running_stats=True)
        )
        (relu): ReLU(inplace=True)
      )
      (pathway1_res5): ResBlock(
        (branch2): BottleneckTransform(
          (a): Conv3d(128, 32, kernel_size=[3, 1, 1], stride=[1, 1, 1], padding=[1, 0, 0], bias=False)
          (a_bn): BatchNorm3d(32, eps=1e-05, momentum=0.1, affine=True, track_running_stats=True)
          (a_relu): ReLU(inplace=True)
          (b): Conv3d(32, 32, kernel_size=[1, 3, 3], stride=[1, 1, 1], padding=[0, 1, 1], dilation=[1, 1, 1], bias=False)
          (b_bn): BatchNorm3d(32, eps=1e-05, momentum=0.1, affine=True, track_running_stats=True)
          (b_relu): ReLU(inplace=True)
          (c): Conv3d(32, 128, kernel_size=[1, 1, 1], stride=[1, 1, 1], padding=[0, 0, 0], bias=False)
          (c_bn): BatchNorm3d(128, eps=1e-05, momentum=0.1, affine=True, track_running_stats=True)
        )
        (relu): ReLU(inplace=True)
      )
    )
    (s4_fuse): FuseFastToSlow(
      (conv_f2s): Conv3d(128, 256, kernel_size=[7, 1, 1], stride=[4, 1, 1], padding=[3, 0, 0], bias=False)
      (bn): BatchNorm3d(256, eps=1e-05, momentum=0.1, affine=True, track_running_stats=True)
      (relu): ReLU(inplace=True)
    )
    (s5): ResStage(
      (pathway0_res0): ResBlock(
        (branch1): Conv3d(1280, 2048, kernel_size=(1, 1, 1), stride=[1, 2, 2], bias=False)
        (branch1_bn): BatchNorm3d(2048, eps=1e-05, momentum=0.1, affine=True, track_running_stats=True)
        (branch2): BottleneckTransform(
          (a): Conv3d(1280, 512, kernel_size=[3, 1, 1], stride=[1, 1, 1], padding=[1, 0, 0], bias=False)
          (a_bn): BatchNorm3d(512, eps=1e-05, momentum=0.1, affine=True, track_running_stats=True)
          (a_relu): ReLU(inplace=True)
          (b): Conv3d(512, 512, kernel_size=[1, 3, 3], stride=[1, 2, 2], padding=[0, 1, 1], dilation=[1, 1, 1], bias=False)
          (b_bn): BatchNorm3d(512, eps=1e-05, momentum=0.1, affine=True, track_running_stats=True)
          (b_relu): ReLU(inplace=True)
          (c): Conv3d(512, 2048, kernel_size=[1, 1, 1], stride=[1, 1, 1], padding=[0, 0, 0], bias=False)
          (c_bn): BatchNorm3d(2048, eps=1e-05, momentum=0.1, affine=True, track_running_stats=True)
        )
        (relu): ReLU(inplace=True)
      )
      (pathway0_res1): ResBlock(
        (branch2): BottleneckTransform(
          (a): Conv3d(2048, 512, kernel_size=[3, 1, 1], stride=[1, 1, 1], padding=[1, 0, 0], bias=False)
          (a_bn): BatchNorm3d(512, eps=1e-05, momentum=0.1, affine=True, track_running_stats=True)
          (a_relu): ReLU(inplace=True)
          (b): Conv3d(512, 512, kernel_size=[1, 3, 3], stride=[1, 1, 1], padding=[0, 1, 1], dilation=[1, 1, 1], bias=False)
          (b_bn): BatchNorm3d(512, eps=1e-05, momentum=0.1, affine=True, track_running_stats=True)
          (b_relu): ReLU(inplace=True)
          (c): Conv3d(512, 2048, kernel_size=[1, 1, 1], stride=[1, 1, 1], padding=[0, 0, 0], bias=False)
          (c_bn): BatchNorm3d(2048, eps=1e-05, momentum=0.1, affine=True, track_running_stats=True)
        )
        (relu): ReLU(inplace=True)
      )
      (pathway0_res2): ResBlock(
        (branch2): BottleneckTransform(
          (a): Conv3d(2048, 512, kernel_size=[3, 1, 1], stride=[1, 1, 1], padding=[1, 0, 0], bias=False)
          (a_bn): BatchNorm3d(512, eps=1e-05, momentum=0.1, affine=True, track_running_stats=True)
          (a_relu): ReLU(inplace=True)
          (b): Conv3d(512, 512, kernel_size=[1, 3, 3], stride=[1, 1, 1], padding=[0, 1, 1], dilation=[1, 1, 1], bias=False)
          (b_bn): BatchNorm3d(512, eps=1e-05, momentum=0.1, affine=True, track_running_stats=True)
          (b_relu): ReLU(inplace=True)
          (c): Conv3d(512, 2048, kernel_size=[1, 1, 1], stride=[1, 1, 1], padding=[0, 0, 0], bias=False)
          (c_bn): BatchNorm3d(2048, eps=1e-05, momentum=0.1, affine=True, track_running_stats=True)
        )
        (relu): ReLU(inplace=True)
      )
      (pathway1_res0): ResBlock(
        (branch1): Conv3d(128, 256, kernel_size=(1, 1, 1), stride=[1, 2, 2], bias=False)
        (branch1_bn): BatchNorm3d(256, eps=1e-05, momentum=0.1, affine=True, track_running_stats=True)
        (branch2): BottleneckTransform(
          (a): Conv3d(128, 64, kernel_size=[3, 1, 1], stride=[1, 1, 1], padding=[1, 0, 0], bias=False)
          (a_bn): BatchNorm3d(64, eps=1e-05, momentum=0.1, affine=True, track_running_stats=True)
          (a_relu): ReLU(inplace=True)
          (b): Conv3d(64, 64, kernel_size=[1, 3, 3], stride=[1, 2, 2], padding=[0, 1, 1], dilation=[1, 1, 1], bias=False)
          (b_bn): BatchNorm3d(64, eps=1e-05, momentum=0.1, affine=True, track_running_stats=True)
          (b_relu): ReLU(inplace=True)
          (c): Conv3d(64, 256, kernel_size=[1, 1, 1], stride=[1, 1, 1], padding=[0, 0, 0], bias=False)
          (c_bn): BatchNorm3d(256, eps=1e-05, momentum=0.1, affine=True, track_running_stats=True)
        )
        (relu): ReLU(inplace=True)
      )
      (pathway1_res1): ResBlock(
        (branch2): BottleneckTransform(
          (a): Conv3d(256, 64, kernel_size=[3, 1, 1], stride=[1, 1, 1], padding=[1, 0, 0], bias=False)
          (a_bn): BatchNorm3d(64, eps=1e-05, momentum=0.1, affine=True, track_running_stats=True)
          (a_relu): ReLU(inplace=True)
          (b): Conv3d(64, 64, kernel_size=[1, 3, 3], stride=[1, 1, 1], padding=[0, 1, 1], dilation=[1, 1, 1], bias=False)
          (b_bn): BatchNorm3d(64, eps=1e-05, momentum=0.1, affine=True, track_running_stats=True)
          (b_relu): ReLU(inplace=True)
          (c): Conv3d(64, 256, kernel_size=[1, 1, 1], stride=[1, 1, 1], padding=[0, 0, 0], bias=False)
          (c_bn): BatchNorm3d(256, eps=1e-05, momentum=0.1, affine=True, track_running_stats=True)
        )
        (relu): ReLU(inplace=True)
      )
      (pathway1_res2): ResBlock(
        (branch2): BottleneckTransform(
          (a): Conv3d(256, 64, kernel_size=[3, 1, 1], stride=[1, 1, 1], padding=[1, 0, 0], bias=False)
          (a_bn): BatchNorm3d(64, eps=1e-05, momentum=0.1, affine=True, track_running_stats=True)
          (a_relu): ReLU(inplace=True)
          (b): Conv3d(64, 64, kernel_size=[1, 3, 3], stride=[1, 1, 1], padding=[0, 1, 1], dilation=[1, 1, 1], bias=False)
          (b_bn): BatchNorm3d(64, eps=1e-05, momentum=0.1, affine=True, track_running_stats=True)
          (b_relu): ReLU(inplace=True)
          (c): Conv3d(64, 256, kernel_size=[1, 1, 1], stride=[1, 1, 1], padding=[0, 0, 0], bias=False)
          (c_bn): BatchNorm3d(256, eps=1e-05, momentum=0.1, affine=True, track_running_stats=True)
        )
        (relu): ReLU(inplace=True)
      )
    )
    (head): ResNetBasicHead(
      (pathway0_avgpool): AvgPool3d(kernel_size=[8, 7, 7], stride=1, padding=0)
      (pathway1_avgpool): AvgPool3d(kernel_size=[32, 7, 7], stride=1, padding=0)
      (dropout): Dropout(p=0.5, inplace=False)
      (projection): Linear(in_features=2304, out_features=18, bias=True)
      (act): Softmax(dim=4)
    )
  )
)
[04/17 11:37:55][INFO] misc.py: 184: Params: 33,685,978
[04/17 11:37:55][INFO] misc.py: 185: Mem: 0.25281476974487305 MB
[04/17 11:37:57][WARNING] jit_analysis.py: 500: Unsupported operator aten::max_pool3d encountered 4 time(s)
[04/17 11:37:57][WARNING] jit_analysis.py: 500: Unsupported operator aten::add encountered 32 time(s)
[04/17 11:37:57][WARNING] jit_analysis.py: 500: Unsupported operator aten::avg_pool3d encountered 2 time(s)
[04/17 11:37:57][WARNING] jit_analysis.py: 500: Unsupported operator aten::add_ encountered 1 time(s)
[04/17 11:37:57][WARNING] jit_analysis.py: 500: Unsupported operator aten::softmax encountered 1 time(s)
[04/17 11:37:57][WARNING] jit_analysis.py: 500: Unsupported operator aten::mean encountered 1 time(s)
[04/17 11:37:57][INFO] misc.py: 188: Flops: 50.58086144 G
[04/17 11:37:57][WARNING] jit_analysis.py: 500: Unsupported operator aten::batch_norm encountered 110 time(s)
[04/17 11:37:57][WARNING] jit_analysis.py: 500: Unsupported operator aten::max_pool3d encountered 4 time(s)
[04/17 11:37:57][WARNING] jit_analysis.py: 500: Unsupported operator aten::add encountered 32 time(s)
[04/17 11:37:57][WARNING] jit_analysis.py: 500: Unsupported operator aten::avg_pool3d encountered 2 time(s)
[04/17 11:37:57][WARNING] jit_analysis.py: 500: Unsupported operator aten::add_ encountered 1 time(s)
[04/17 11:37:57][WARNING] jit_analysis.py: 500: Unsupported operator aten::softmax encountered 1 time(s)
[04/17 11:37:57][WARNING] jit_analysis.py: 500: Unsupported operator aten::mean encountered 1 time(s)
[04/17 11:37:57][INFO] misc.py: 193: Activations: 136.57909 M
[04/17 11:37:57][INFO] misc.py: 196: nvidia-smi
[04/17 11:37:57][INFO] checkpoint.py: 506: Load from given checkpoint file.
[04/17 11:37:57][INFO] checkpoint.py: 214: Loading network weights from checkpoints/SLOWFAST_8x8_R50.pkl.
[04/17 11:37:57][INFO] checkpoint.py: 260: res_conv1_bn_b: (64,) => s1.pathway0_stem.bn.bias: (64,)
[04/17 11:37:58][INFO] checkpoint.py: 260: res5_2_branch2a_bn_riv: (512,) => s5.pathway0_res2.branch2.a_bn.running_var: (512,)
[04/17 11:37:58][INFO] checkpoint.py: 260: t_res4_1_branch2c_bn_riv: (128,) => s4.pathway1_res1.branch2.c_bn.running_var: (128,)
[04/17 11:37:58][INFO] checkpoint.py: 260: t_res3_2_branch2b_bn_rm: (16,) => s3.pathway1_res2.branch2.b_bn.running_mean: (16,)
[04/17 11:37:58][INFO] checkpoint.py: 260: res_conv1_bn_s: (64,) => s1.pathway0_stem.bn.weight: (64,)
[04/17 11:37:58][INFO] checkpoint.py: 260: t_res3_3_branch2b_bn_riv: (16,) => s3.pathway1_res3.branch2.b_bn.running_var: (16,)
[04/17 11:37:58][INFO] checkpoint.py: 260: res4_4_branch2b_w: (256, 256, 1, 3, 3) => s4.pathway0_res4.branch2.b.weight: (256, 256, 1, 3, 3)
[04/17 11:37:58][INFO] checkpoint.py: 260: t_res2_1_branch2b_w: (8, 8, 1, 3, 3) => s2.pathway1_res1.branch2.b.weight: (8, 8, 1, 3, 3)
[04/17 11:37:58][INFO] checkpoint.py: 260: t_res5_1_branch2b_bn_riv: (64,) => s5.pathway1_res1.branch2.b_bn.running_var: (64,)
[04/17 11:37:58][INFO] checkpoint.py: 260: t_res4_2_branch2a_bn_riv: (32,) => s4.pathway1_res2.branch2.a_bn.running_var: (32,)
[04/17 11:37:58][INFO] checkpoint.py: 260: res3_1_branch2c_bn_s: (512,) => s3.pathway0_res1.branch2.c_bn.weight: (512,)
[04/17 11:37:58][INFO] checkpoint.py: 260: res5_1_branch2b_w: (512, 512, 1, 3, 3) => s5.pathway0_res1.branch2.b.weight: (512, 512, 1, 3, 3)
[04/17 11:37:58][INFO] checkpoint.py: 260: res3_0_branch2a_bn_riv: (128,) => s3.pathway0_res0.branch2.a_bn.running_var: (128,)
[04/17 11:37:58][INFO] checkpoint.py: 260: t_res2_2_branch2a_bn_rm: (8,) => s2.pathway1_res2.branch2.a_bn.running_mean: (8,)
[04/17 11:37:58][INFO] checkpoint.py: 260: t_res5_0_branch1_bn_rm: (256,) => s5.pathway1_res0.branch1_bn.running_mean: (256,)
[04/17 11:37:58][INFO] checkpoint.py: 260: t_res2_1_branch2b_bn_rm: (8,) => s2.pathway1_res1.branch2.b_bn.running_mean: (8,)
[04/17 11:37:58][INFO] checkpoint.py: 260: t_res3_3_branch2c_bn_riv: (64,) => s3.pathway1_res3.branch2.c_bn.running_var: (64,)
[04/17 11:37:58][INFO] checkpoint.py: 260: res2_2_branch2b_bn_rm: (64,) => s2.pathway0_res2.branch2.b_bn.running_mean: (64,)
[04/17 11:37:58][INFO] checkpoint.py: 260: t_res4_3_branch2c_bn_rm: (128,) => s4.pathway1_res3.branch2.c_bn.running_mean: (128,)
[04/17 11:37:58][INFO] checkpoint.py: 260: res3_3_branch2c_bn_riv: (512,) => s3.pathway0_res3.branch2.c_bn.running_var: (512,)
[04/17 11:37:58][INFO] checkpoint.py: 260: res5_0_branch2c_bn_riv: (2048,) => s5.pathway0_res0.branch2.c_bn.running_var: (2048,)
[04/17 11:37:58][INFO] checkpoint.py: 260: res3_2_branch2a_w: (128, 512, 1, 1, 1) => s3.pathway0_res2.branch2.a.weight: (128, 512, 1, 1, 1)
[04/17 11:37:58][INFO] checkpoint.py: 260: t_res4_5_branch2b_w: (32, 32, 1, 3, 3) => s4.pathway1_res5.branch2.b.weight: (32, 32, 1, 3, 3)
[04/17 11:37:58][INFO] checkpoint.py: 260: res3_0_branch1_bn_b: (512,) => s3.pathway0_res0.branch1_bn.bias: (512,)
[04/17 11:37:58][INFO] checkpoint.py: 260: t_pool1_subsample_bn_rm: (16,) => s1_fuse.bn.running_mean: (16,)
[04/17 11:37:58][INFO] checkpoint.py: 260: t_res5_2_branch2c_bn_riv: (256,) => s5.pathway1_res2.branch2.c_bn.running_var: (256,)
[04/17 11:37:58][INFO] checkpoint.py: 260: res3_2_branch2c_w: (512, 128, 1, 1, 1) => s3.pathway0_res2.branch2.c.weight: (512, 128, 1, 1, 1)
[04/17 11:37:58][INFO] checkpoint.py: 260: res2_2_branch2a_bn_riv: (64,) => s2.pathway0_res2.branch2.a_bn.running_var: (64,)
[04/17 11:37:58][INFO] checkpoint.py: 260: res5_2_branch2a_bn_rm: (512,) => s5.pathway0_res2.branch2.a_bn.running_mean: (512,)
[04/17 11:37:58][INFO] checkpoint.py: 260: t_res3_2_branch2b_bn_b: (16,) => s3.pathway1_res2.branch2.b_bn.bias: (16,)
[04/17 11:37:58][INFO] checkpoint.py: 260: t_res3_1_branch2a_bn_b: (16,) => s3.pathway1_res1.branch2.a_bn.bias: (16,)
[04/17 11:37:58][INFO] checkpoint.py: 260: res4_5_branch2a_w: (256, 1024, 3, 1, 1) => s4.pathway0_res5.branch2.a.weight: (256, 1024, 3, 1, 1)
[04/17 11:37:58][INFO] checkpoint.py: 260: t_res5_0_branch2c_bn_riv: (256,) => s5.pathway1_res0.branch2.c_bn.running_var: (256,)
[04/17 11:37:58][INFO] checkpoint.py: 260: t_res2_0_branch2a_w: (8, 8, 3, 1, 1) => s2.pathway1_res0.branch2.a.weight: (8, 8, 3, 1, 1)
[04/17 11:37:58][INFO] checkpoint.py: 260: t_res4_2_branch2c_w: (128, 32, 1, 1, 1) => s4.pathway1_res2.branch2.c.weight: (128, 32, 1, 1, 1)
[04/17 11:37:58][INFO] checkpoint.py: 260: res2_2_branch2a_bn_b: (64,) => s2.pathway0_res2.branch2.a_bn.bias: (64,)
[04/17 11:37:58][INFO] checkpoint.py: 260: t_res5_2_branch2c_bn_rm: (256,) => s5.pathway1_res2.branch2.c_bn.running_mean: (256,)
[04/17 11:37:58][INFO] checkpoint.py: 260: res2_2_branch2a_bn_s: (64,) => s2.pathway0_res2.branch2.a_bn.weight: (64,)
[04/17 11:37:58][INFO] checkpoint.py: 260: t_res4_1_branch2b_w: (32, 32, 1, 3, 3) => s4.pathway1_res1.branch2.b.weight: (32, 32, 1, 3, 3)
[04/17 11:37:58][INFO] checkpoint.py: 260: res5_1_branch2c_w: (2048, 512, 1, 1, 1) => s5.pathway0_res1.branch2.c.weight: (2048, 512, 1, 1, 1)
[04/17 11:37:58][INFO] checkpoint.py: 260: t_res5_2_branch2a_bn_s: (64,) => s5.pathway1_res2.branch2.a_bn.weight: (64,)
[04/17 11:37:58][INFO] checkpoint.py: 260: t_res4_0_branch2c_bn_s: (128,) => s4.pathway1_res0.branch2.c_bn.weight: (128,)
[04/17 11:37:58][INFO] checkpoint.py: 260: res5_1_branch2c_bn_rm: (2048,) => s5.pathway0_res1.branch2.c_bn.running_mean: (2048,)
[04/17 11:37:58][INFO] checkpoint.py: 260: t_res5_2_branch2a_bn_b: (64,) => s5.pathway1_res2.branch2.a_bn.bias: (64,)
[04/17 11:37:58][INFO] checkpoint.py: 260: t_res3_0_branch2c_bn_riv: (64,) => s3.pathway1_res0.branch2.c_bn.running_var: (64,)
[04/17 11:37:58][INFO] checkpoint.py: 260: t_res4_0_branch2c_bn_b: (128,) => s4.pathway1_res0.branch2.c_bn.bias: (128,)
[04/17 11:37:58][INFO] checkpoint.py: 260: res4_0_branch2b_w: (256, 256, 1, 3, 3) => s4.pathway0_res0.branch2.b.weight: (256, 256, 1, 3, 3)
[04/17 11:37:58][INFO] checkpoint.py: 260: t_res4_2_branch2c_bn_rm: (128,) => s4.pathway1_res2.branch2.c_bn.running_mean: (128,)
[04/17 11:37:58][INFO] checkpoint.py: 260: t_res4_1_branch2b_bn_riv: (32,) => s4.pathway1_res1.branch2.b_bn.running_var: (32,)
[04/17 11:37:58][INFO] checkpoint.py: 260: res3_2_branch2a_bn_b: (128,) => s3.pathway0_res2.branch2.a_bn.bias: (128,)
[04/17 11:37:58][INFO] checkpoint.py: 260: t_res2_1_branch2b_bn_b: (8,) => s2.pathway1_res1.branch2.b_bn.bias: (8,)
[04/17 11:37:58][INFO] checkpoint.py: 260: res4_4_branch2b_bn_b: (256,) => s4.pathway0_res4.branch2.b_bn.bias: (256,)
[04/17 11:37:58][INFO] checkpoint.py: 260: t_res4_0_branch1_bn_rm: (128,) => s4.pathway1_res0.branch1_bn.running_mean: (128,)
[04/17 11:37:58][INFO] checkpoint.py: 260: t_res5_0_branch2b_bn_riv: (64,) => s5.pathway1_res0.branch2.b_bn.running_var: (64,)
[04/17 11:37:58][INFO] checkpoint.py: 260: res3_1_branch2c_bn_b: (512,) => s3.pathway0_res1.branch2.c_bn.bias: (512,)
[04/17 11:37:58][INFO] checkpoint.py: 260: res4_0_branch2c_bn_riv: (1024,) => s4.pathway0_res0.branch2.c_bn.running_var: (1024,)
[04/17 11:37:58][INFO] checkpoint.py: 260: t_res4_1_branch2a_bn_s: (32,) => s4.pathway1_res1.branch2.a_bn.weight: (32,)
[04/17 11:37:58][INFO] checkpoint.py: 260: res3_3_branch2b_bn_riv: (128,) => s3.pathway0_res3.branch2.b_bn.running_var: (128,)
[04/17 11:37:58][INFO] checkpoint.py: 260: res5_1_branch2a_bn_riv: (512,) => s5.pathway0_res1.branch2.a_bn.running_var: (512,)
[04/17 11:37:58][INFO] checkpoint.py: 260: res4_4_branch2b_bn_s: (256,) => s4.pathway0_res4.branch2.b_bn.weight: (256,)
[04/17 11:37:58][INFO] checkpoint.py: 260: res5_0_branch1_bn_rm: (2048,) => s5.pathway0_res0.branch1_bn.running_mean: (2048,)
[04/17 11:37:58][INFO] checkpoint.py: 260: t_res4_1_branch2a_bn_b: (32,) => s4.pathway1_res1.branch2.a_bn.bias: (32,)
[04/17 11:37:58][INFO] checkpoint.py: 260: t_res3_3_branch2c_bn_subsample_bn_s: (128,) => s3_fuse.bn.weight: (128,)
[04/17 11:37:58][INFO] checkpoint.py: 260: res4_4_branch2a_bn_rm: (256,) => s4.pathway0_res4.branch2.a_bn.running_mean: (256,)
[04/17 11:37:58][INFO] checkpoint.py: 260: res3_0_branch1_w: (512, 320, 1, 1, 1) => s3.pathway0_res0.branch1.weight: (512, 320, 1, 1, 1)
[04/17 11:37:58][INFO] checkpoint.py: 260: t_res3_0_branch2b_bn_rm: (16,) => s3.pathway1_res0.branch2.b_bn.running_mean: (16,)
[04/17 11:37:58][INFO] checkpoint.py: 260: t_res3_3_branch2c_bn_subsample_bn_b: (128,) => s3_fuse.bn.bias: (128,)
[04/17 11:37:58][INFO] checkpoint.py: 260: res5_0_branch2a_bn_riv: (512,) => s5.pathway0_res0.branch2.a_bn.running_var: (512,)
[04/17 11:37:58][INFO] checkpoint.py: 260: t_res4_4_branch2a_bn_riv: (32,) => s4.pathway1_res4.branch2.a_bn.running_var: (32,)
[04/17 11:37:58][INFO] checkpoint.py: 260: res4_5_branch2c_bn_riv: (1024,) => s4.pathway0_res5.branch2.c_bn.running_var: (1024,)
[04/17 11:37:58][INFO] checkpoint.py: 260: t_res2_0_branch2c_bn_riv: (32,) => s2.pathway1_res0.branch2.c_bn.running_var: (32,)
[04/17 11:37:58][INFO] checkpoint.py: 260: t_res2_2_branch2c_bn_s: (32,) => s2.pathway1_res2.branch2.c_bn.weight: (32,)
[04/17 11:37:58][INFO] checkpoint.py: 260: t_res4_3_branch2a_bn_riv: (32,) => s4.pathway1_res3.branch2.a_bn.running_var: (32,)
[04/17 11:37:58][INFO] checkpoint.py: 260: t_res4_5_branch2a_bn_s: (32,) => s4.pathway1_res5.branch2.a_bn.weight: (32,)
[04/17 11:37:58][INFO] checkpoint.py: 260: t_res2_0_branch2b_bn_b: (8,) => s2.pathway1_res0.branch2.b_bn.bias: (8,)
[04/17 11:37:58][INFO] checkpoint.py: 260: t_res2_2_branch2c_bn_b: (32,) => s2.pathway1_res2.branch2.c_bn.bias: (32,)
[04/17 11:37:58][INFO] checkpoint.py: 260: t_res4_4_branch2b_bn_rm: (32,) => s4.pathway1_res4.branch2.b_bn.running_mean: (32,)
[04/17 11:37:58][INFO] checkpoint.py: 260: t_res2_2_branch2b_bn_b: (8,) => s2.pathway1_res2.branch2.b_bn.bias: (8,)
[04/17 11:37:58][INFO] checkpoint.py: 260: res3_0_branch1_bn_rm: (512,) => s3.pathway0_res0.branch1_bn.running_mean: (512,)
[04/17 11:37:58][INFO] checkpoint.py: 260: res4_1_branch2c_w: (1024, 256, 1, 1, 1) => s4.pathway0_res1.branch2.c.weight: (1024, 256, 1, 1, 1)
[04/17 11:37:58][INFO] checkpoint.py: 260: res2_1_branch2c_bn_riv: (256,) => s2.pathway0_res1.branch2.c_bn.running_var: (256,)
[04/17 11:37:58][INFO] checkpoint.py: 260: t_res5_2_branch2b_w: (64, 64, 1, 3, 3) => s5.pathway1_res2.branch2.b.weight: (64, 64, 1, 3, 3)
[04/17 11:37:58][INFO] checkpoint.py: 260: t_res2_0_branch2c_w: (32, 8, 1, 1, 1) => s2.pathway1_res0.branch2.c.weight: (32, 8, 1, 1, 1)
[04/17 11:37:58][INFO] checkpoint.py: 260: res4_5_branch2c_w: (1024, 256, 1, 1, 1) => s4.pathway0_res5.branch2.c.weight: (1024, 256, 1, 1, 1)
[04/17 11:37:58][INFO] checkpoint.py: 260: res3_3_branch2c_bn_b: (512,) => s3.pathway0_res3.branch2.c_bn.bias: (512,)
[04/17 11:37:58][INFO] checkpoint.py: 260: t_res3_2_branch2c_bn_rm: (64,) => s3.pathway1_res2.branch2.c_bn.running_mean: (64,)
[04/17 11:37:58][INFO] checkpoint.py: 260: t_res4_0_branch1_bn_riv: (128,) => s4.pathway1_res0.branch1_bn.running_var: (128,)
[04/17 11:37:58][INFO] checkpoint.py: 260: t_res5_1_branch2b_bn_b: (64,) => s5.pathway1_res1.branch2.b_bn.bias: (64,)
[04/17 11:37:58][INFO] checkpoint.py: 260: t_res5_1_branch2b_w: (64, 64, 1, 3, 3) => s5.pathway1_res1.branch2.b.weight: (64, 64, 1, 3, 3)
[04/17 11:37:58][INFO] checkpoint.py: 260: res3_3_branch2c_bn_s: (512,) => s3.pathway0_res3.branch2.c_bn.weight: (512,)
[04/17 11:37:58][INFO] checkpoint.py: 260: res3_2_branch2b_w: (128, 128, 1, 3, 3) => s3.pathway0_res2.branch2.b.weight: (128, 128, 1, 3, 3)
[04/17 11:37:58][INFO] checkpoint.py: 260: res5_1_branch2a_w: (512, 2048, 3, 1, 1) => s5.pathway0_res1.branch2.a.weight: (512, 2048, 3, 1, 1)
[04/17 11:37:58][INFO] checkpoint.py: 260: t_res3_3_branch2a_bn_riv: (16,) => s3.pathway1_res3.branch2.a_bn.running_var: (16,)
[04/17 11:37:58][INFO] checkpoint.py: 260: t_res2_2_branch2c_w: (32, 8, 1, 1, 1) => s2.pathway1_res2.branch2.c.weight: (32, 8, 1, 1, 1)
[04/17 11:37:58][INFO] checkpoint.py: 260: t_res4_5_branch2c_bn_subsample_bn_b: (256,) => s4_fuse.bn.bias: (256,)
[04/17 11:37:58][INFO] checkpoint.py: 260: res4_5_branch2b_bn_b: (256,) => s4.pathway0_res5.branch2.b_bn.bias: (256,)
[04/17 11:37:58][INFO] checkpoint.py: 260: t_res3_2_branch2a_bn_riv: (16,) => s3.pathway1_res2.branch2.a_bn.running_var: (16,)
[04/17 11:37:58][INFO] checkpoint.py: 260: t_res2_2_branch2a_w: (8, 32, 3, 1, 1) => s2.pathway1_res2.branch2.a.weight: (8, 32, 3, 1, 1)
[04/17 11:37:58][INFO] checkpoint.py: 260: res2_0_branch1_bn_s: (256,) => s2.pathway0_res0.branch1_bn.weight: (256,)
[04/17 11:37:58][INFO] checkpoint.py: 260: t_res2_0_branch2b_bn_s: (8,) => s2.pathway1_res0.branch2.b_bn.weight: (8,)
[04/17 11:37:58][INFO] checkpoint.py: 260: t_res4_5_branch2c_bn_subsample_bn_s: (256,) => s4_fuse.bn.weight: (256,)
[04/17 11:37:58][INFO] checkpoint.py: 260: res4_5_branch2b_bn_s: (256,) => s4.pathway0_res5.branch2.b_bn.weight: (256,)
[04/17 11:37:58][INFO] checkpoint.py: 260: t_res3_1_branch2b_bn_rm: (16,) => s3.pathway1_res1.branch2.b_bn.running_mean: (16,)
[04/17 11:37:58][INFO] checkpoint.py: 260: t_res5_2_branch2b_bn_riv: (64,) => s5.pathway1_res2.branch2.b_bn.running_var: (64,)
[04/17 11:37:58][INFO] checkpoint.py: 260: res4_4_branch2c_bn_b: (1024,) => s4.pathway0_res4.branch2.c_bn.bias: (1024,)
[04/17 11:37:58][INFO] checkpoint.py: 260: t_res2_1_branch2c_bn_b: (32,) => s2.pathway1_res1.branch2.c_bn.bias: (32,)
[04/17 11:37:58][INFO] checkpoint.py: 260: res3_3_branch2b_bn_s: (128,) => s3.pathway0_res3.branch2.b_bn.weight: (128,)
[04/17 11:37:58][INFO] checkpoint.py: 260: t_res3_2_branch2c_bn_riv: (64,) => s3.pathway1_res2.branch2.c_bn.running_var: (64,)
[04/17 11:37:58][INFO] checkpoint.py: 260: res2_1_branch2a_bn_rm: (64,) => s2.pathway0_res1.branch2.a_bn.running_mean: (64,)
[04/17 11:37:58][INFO] checkpoint.py: 260: t_res4_5_branch2c_bn_subsample_bn_rm: (256,) => s4_fuse.bn.running_mean: (256,)
[04/17 11:37:58][INFO] checkpoint.py: 260: res5_1_branch2b_bn_b: (512,) => s5.pathway0_res1.branch2.b_bn.bias: (512,)
[04/17 11:37:58][INFO] checkpoint.py: 260: res3_1_branch2a_bn_riv: (128,) => s3.pathway0_res1.branch2.a_bn.running_var: (128,)
[04/17 11:37:58][INFO] checkpoint.py: 260: res5_1_branch2b_bn_s: (512,) => s5.pathway0_res1.branch2.b_bn.weight: (512,)
[04/17 11:37:58][INFO] checkpoint.py: 260: res4_4_branch2c_w: (1024, 256, 1, 1, 1) => s4.pathway0_res4.branch2.c.weight: (1024, 256, 1, 1, 1)
[04/17 11:37:58][INFO] checkpoint.py: 260: t_res2_1_branch2c_w: (32, 8, 1, 1, 1) => s2.pathway1_res1.branch2.c.weight: (32, 8, 1, 1, 1)
[04/17 11:37:58][INFO] checkpoint.py: 260: t_res5_0_branch1_w: (256, 128, 1, 1, 1) => s5.pathway1_res0.branch1.weight: (256, 128, 1, 1, 1)
[04/17 11:37:58][INFO] checkpoint.py: 260: res2_2_branch2c_bn_riv: (256,) => s2.pathway0_res2.branch2.c_bn.running_var: (256,)
[04/17 11:37:58][INFO] checkpoint.py: 260: t_res4_5_branch2c_bn_subsample_w: (256, 128, 7, 1, 1) => s4_fuse.conv_f2s.weight: (256, 128, 7, 1, 1)
[04/17 11:37:58][INFO] checkpoint.py: 260: res4_3_branch2b_bn_rm: (256,) => s4.pathway0_res3.branch2.b_bn.running_mean: (256,)
[04/17 11:37:58][INFO] checkpoint.py: 260: t_res_conv1_bn_rm: (8,) => s1.pathway1_stem.bn.running_mean: (8,)
[04/17 11:37:58][INFO] checkpoint.py: 260: t_res3_2_branch2b_bn_riv: (16,) => s3.pathway1_res2.branch2.b_bn.running_var: (16,)
[04/17 11:37:58][INFO] checkpoint.py: 260: res4_2_branch2c_bn_b: (1024,) => s4.pathway0_res2.branch2.c_bn.bias: (1024,)
[04/17 11:37:59][INFO] checkpoint.py: 260: res3_3_branch2a_bn_riv: (128,) => s3.pathway0_res3.branch2.a_bn.running_var: (128,)
[04/17 11:37:59][INFO] checkpoint.py: 260: t_res3_1_branch2a_w: (16, 64, 3, 1, 1) => s3.pathway1_res1.branch2.a.weight: (16, 64, 3, 1, 1)
[04/17 11:37:59][INFO] checkpoint.py: 260: res2_2_branch2a_w: (64, 256, 1, 1, 1) => s2.pathway0_res2.branch2.a.weight: (64, 256, 1, 1, 1)
[04/17 11:37:59][INFO] checkpoint.py: 260: res2_0_branch2c_bn_riv: (256,) => s2.pathway0_res0.branch2.c_bn.running_var: (256,)
[04/17 11:37:59][INFO] checkpoint.py: 260: res2_0_branch2b_bn_riv: (64,) => s2.pathway0_res0.branch2.b_bn.running_var: (64,)
[04/17 11:37:59][INFO] checkpoint.py: 260: res5_2_branch2b_bn_riv: (512,) => s5.pathway0_res2.branch2.b_bn.running_var: (512,)
[04/17 11:37:59][INFO] checkpoint.py: 260: t_res4_4_branch2a_bn_rm: (32,) => s4.pathway1_res4.branch2.a_bn.running_mean: (32,)
[04/17 11:37:59][INFO] checkpoint.py: 260: t_res4_0_branch2a_bn_s: (32,) => s4.pathway1_res0.branch2.a_bn.weight: (32,)
[04/17 11:37:59][INFO] checkpoint.py: 260: t_res4_4_branch2a_bn_s: (32,) => s4.pathway1_res4.branch2.a_bn.weight: (32,)
[04/17 11:37:59][INFO] checkpoint.py: 260: t_res3_1_branch2c_w: (64, 16, 1, 1, 1) => s3.pathway1_res1.branch2.c.weight: (64, 16, 1, 1, 1)
[04/17 11:37:59][INFO] checkpoint.py: 260: t_res4_3_branch2b_bn_rm: (32,) => s4.pathway1_res3.branch2.b_bn.running_mean: (32,)
[04/17 11:37:59][INFO] checkpoint.py: 260: res4_1_branch2a_bn_s: (256,) => s4.pathway0_res1.branch2.a_bn.weight: (256,)
[04/17 11:37:59][INFO] checkpoint.py: 260: res2_1_branch2c_bn_b: (256,) => s2.pathway0_res1.branch2.c_bn.bias: (256,)
[04/17 11:37:59][INFO] checkpoint.py: 260: res3_2_branch2b_bn_b: (128,) => s3.pathway0_res2.branch2.b_bn.bias: (128,)
[04/17 11:37:59][INFO] checkpoint.py: 260: res3_1_branch2b_bn_s: (128,) => s3.pathway0_res1.branch2.b_bn.weight: (128,)
[04/17 11:37:59][INFO] checkpoint.py: 260: res4_1_branch2a_bn_b: (256,) => s4.pathway0_res1.branch2.a_bn.bias: (256,)
[04/17 11:37:59][INFO] checkpoint.py: 260: res3_1_branch2a_bn_b: (128,) => s3.pathway0_res1.branch2.a_bn.bias: (128,)
[04/17 11:37:59][INFO] checkpoint.py: 260: t_res2_1_branch2a_w: (8, 32, 3, 1, 1) => s2.pathway1_res1.branch2.a.weight: (8, 32, 3, 1, 1)
[04/17 11:37:59][INFO] checkpoint.py: 260: res2_1_branch2c_bn_s: (256,) => s2.pathway0_res1.branch2.c_bn.weight: (256,)
[04/17 11:37:59][INFO] checkpoint.py: 260: t_res4_5_branch2b_bn_rm: (32,) => s4.pathway1_res5.branch2.b_bn.running_mean: (32,)
[04/17 11:37:59][INFO] checkpoint.py: 260: res3_2_branch2b_bn_s: (128,) => s3.pathway0_res2.branch2.b_bn.weight: (128,)
[04/17 11:37:59][INFO] checkpoint.py: 260: t_res3_2_branch2a_bn_rm: (16,) => s3.pathway1_res2.branch2.a_bn.running_mean: (16,)
[04/17 11:37:59][INFO] checkpoint.py: 260: t_res2_1_branch2c_bn_s: (32,) => s2.pathway1_res1.branch2.c_bn.weight: (32,)
[04/17 11:37:59][INFO] checkpoint.py: 260: res5_2_branch2c_bn_riv: (2048,) => s5.pathway0_res2.branch2.c_bn.running_var: (2048,)
[04/17 11:37:59][INFO] checkpoint.py: 260: res5_1_branch2c_bn_s: (2048,) => s5.pathway0_res1.branch2.c_bn.weight: (2048,)
[04/17 11:37:59][INFO] checkpoint.py: 260: t_res4_3_branch2a_bn_rm: (32,) => s4.pathway1_res3.branch2.a_bn.running_mean: (32,)
[04/17 11:37:59][INFO] checkpoint.py: 260: res5_1_branch2c_bn_b: (2048,) => s5.pathway0_res1.branch2.c_bn.bias: (2048,)
[04/17 11:37:59][INFO] checkpoint.py: 260: t_res4_5_branch2a_bn_riv: (32,) => s4.pathway1_res5.branch2.a_bn.running_var: (32,)
[04/17 11:37:59][INFO] checkpoint.py: 260: res2_1_branch2b_bn_rm: (64,) => s2.pathway0_res1.branch2.b_bn.running_mean: (64,)
[04/17 11:37:59][INFO] checkpoint.py: 260: t_res3_3_branch2a_bn_s: (16,) => s3.pathway1_res3.branch2.a_bn.weight: (16,)
[04/17 11:37:59][INFO] checkpoint.py: 260: res5_0_branch2c_bn_b: (2048,) => s5.pathway0_res0.branch2.c_bn.bias: (2048,)
[04/17 11:37:59][INFO] checkpoint.py: 260: t_res3_0_branch2c_bn_b: (64,) => s3.pathway1_res0.branch2.c_bn.bias: (64,)
[04/17 11:37:59][INFO] checkpoint.py: 260: res4_4_branch2b_bn_rm: (256,) => s4.pathway0_res4.branch2.b_bn.running_mean: (256,)
[04/17 11:37:59][INFO] checkpoint.py: 260: res5_1_branch2b_bn_rm: (512,) => s5.pathway0_res1.branch2.b_bn.running_mean: (512,)
[04/17 11:37:59][INFO] checkpoint.py: 260: res5_0_branch2b_w: (512, 512, 1, 3, 3) => s5.pathway0_res0.branch2.b.weight: (512, 512, 1, 3, 3)
[04/17 11:37:59][INFO] checkpoint.py: 260: t_res2_1_branch2b_bn_riv: (8,) => s2.pathway1_res1.branch2.b_bn.running_var: (8,)
[04/17 11:37:59][INFO] checkpoint.py: 260: t_res3_0_branch2c_bn_s: (64,) => s3.pathway1_res0.branch2.c_bn.weight: (64,)
[04/17 11:37:59][INFO] checkpoint.py: 260: t_res2_1_branch2a_bn_s: (8,) => s2.pathway1_res1.branch2.a_bn.weight: (8,)
[04/17 11:37:59][INFO] checkpoint.py: 260: res4_4_branch2a_bn_s: (256,) => s4.pathway0_res4.branch2.a_bn.weight: (256,)
[04/17 11:37:59][INFO] checkpoint.py: 260: t_res3_2_branch2b_bn_s: (16,) => s3.pathway1_res2.branch2.b_bn.weight: (16,)
[04/17 11:37:59][INFO] checkpoint.py: 260: t_res4_0_branch2c_bn_rm: (128,) => s4.pathway1_res0.branch2.c_bn.running_mean: (128,)
[04/17 11:37:59][INFO] checkpoint.py: 260: res4_2_branch2b_bn_s: (256,) => s4.pathway0_res2.branch2.b_bn.weight: (256,)
[04/17 11:37:59][INFO] checkpoint.py: 260: t_res2_1_branch2a_bn_b: (8,) => s2.pathway1_res1.branch2.a_bn.bias: (8,)
[04/17 11:37:59][INFO] checkpoint.py: 260: res4_4_branch2a_bn_b: (256,) => s4.pathway0_res4.branch2.a_bn.bias: (256,)
[04/17 11:37:59][INFO] checkpoint.py: 260: t_res4_5_branch2c_bn_subsample_bn_riv: (256,) => s4_fuse.bn.running_var: (256,)
[04/17 11:37:59][INFO] checkpoint.py: 260: res4_2_branch2b_bn_b: (256,) => s4.pathway0_res2.branch2.b_bn.bias: (256,)
[04/17 11:37:59][INFO] checkpoint.py: 260: t_res5_2_branch2c_w: (256, 64, 1, 1, 1) => s5.pathway1_res2.branch2.c.weight: (256, 64, 1, 1, 1)
[04/17 11:37:59][INFO] checkpoint.py: 260: res4_3_branch2c_bn_rm: (1024,) => s4.pathway0_res3.branch2.c_bn.running_mean: (1024,)
[04/17 11:37:59][INFO] checkpoint.py: 260: t_res4_3_branch2a_bn_b: (32,) => s4.pathway1_res3.branch2.a_bn.bias: (32,)
[04/17 11:37:59][INFO] checkpoint.py: 260: t_res3_0_branch2c_w: (64, 16, 1, 1, 1) => s3.pathway1_res0.branch2.c.weight: (64, 16, 1, 1, 1)
[04/17 11:37:59][INFO] checkpoint.py: 260: t_res4_2_branch2a_w: (32, 128, 3, 1, 1) => s4.pathway1_res2.branch2.a.weight: (32, 128, 3, 1, 1)
[04/17 11:37:59][INFO] checkpoint.py: 260: res4_5_branch2b_w: (256, 256, 1, 3, 3) => s4.pathway0_res5.branch2.b.weight: (256, 256, 1, 3, 3)
[04/17 11:37:59][INFO] checkpoint.py: 260: t_res4_3_branch2a_bn_s: (32,) => s4.pathway1_res3.branch2.a_bn.weight: (32,)
[04/17 11:37:59][INFO] checkpoint.py: 260: res4_3_branch2c_bn_riv: (1024,) => s4.pathway0_res3.branch2.c_bn.running_var: (1024,)
[04/17 11:37:59][INFO] checkpoint.py: 260: t_res4_2_branch2a_bn_rm: (32,) => s4.pathway1_res2.branch2.a_bn.running_mean: (32,)
[04/17 11:37:59][INFO] checkpoint.py: 260: res3_2_branch2a_bn_rm: (128,) => s3.pathway0_res2.branch2.a_bn.running_mean: (128,)
[04/17 11:37:59][INFO] checkpoint.py: 260: res4_2_branch2c_bn_rm: (1024,) => s4.pathway0_res2.branch2.c_bn.running_mean: (1024,)
[04/17 11:37:59][INFO] checkpoint.py: 260: res4_0_branch2c_bn_rm: (1024,) => s4.pathway0_res0.branch2.c_bn.running_mean: (1024,)
[04/17 11:37:59][INFO] checkpoint.py: 260: t_res5_1_branch2c_bn_riv: (256,) => s5.pathway1_res1.branch2.c_bn.running_var: (256,)
[04/17 11:37:59][INFO] checkpoint.py: 260: t_res4_4_branch2c_bn_rm: (128,) => s4.pathway1_res4.branch2.c_bn.running_mean: (128,)
[04/17 11:37:59][INFO] checkpoint.py: 260: res3_0_branch2a_bn_s: (128,) => s3.pathway0_res0.branch2.a_bn.weight: (128,)
[04/17 11:37:59][INFO] checkpoint.py: 260: t_res3_0_branch2b_bn_riv: (16,) => s3.pathway1_res0.branch2.b_bn.running_var: (16,)
[04/17 11:37:59][INFO] checkpoint.py: 260: t_res3_3_branch2c_bn_subsample_bn_rm: (128,) => s3_fuse.bn.running_mean: (128,)
[04/17 11:37:59][INFO] checkpoint.py: 260: res3_0_branch2a_bn_b: (128,) => s3.pathway0_res0.branch2.a_bn.bias: (128,)
[04/17 11:37:59][INFO] checkpoint.py: 260: res4_4_branch2a_w: (256, 1024, 3, 1, 1) => s4.pathway0_res4.branch2.a.weight: (256, 1024, 3, 1, 1)
[04/17 11:37:59][INFO] checkpoint.py: 260: t_res2_2_branch2c_bn_riv: (32,) => s2.pathway1_res2.branch2.c_bn.running_var: (32,)
[04/17 11:37:59][INFO] checkpoint.py: 260: t_res3_3_branch2a_bn_rm: (16,) => s3.pathway1_res3.branch2.a_bn.running_mean: (16,)
[04/17 11:37:59][INFO] checkpoint.py: 260: t_res2_2_branch2b_w: (8, 8, 1, 3, 3) => s2.pathway1_res2.branch2.b.weight: (8, 8, 1, 3, 3)
[04/17 11:37:59][INFO] checkpoint.py: 260: t_res2_0_branch2a_bn_rm: (8,) => s2.pathway1_res0.branch2.a_bn.running_mean: (8,)
[04/17 11:37:59][INFO] checkpoint.py: 260: t_res3_0_branch2c_bn_rm: (64,) => s3.pathway1_res0.branch2.c_bn.running_mean: (64,)
[04/17 11:37:59][INFO] checkpoint.py: 260: res4_5_branch2a_bn_rm: (256,) => s4.pathway0_res5.branch2.a_bn.running_mean: (256,)
[04/17 11:37:59][INFO] checkpoint.py: 260: t_res4_4_branch2b_bn_s: (32,) => s4.pathway1_res4.branch2.b_bn.weight: (32,)
[04/17 11:37:59][INFO] checkpoint.py: 260: res5_0_branch2b_bn_riv: (512,) => s5.pathway0_res0.branch2.b_bn.running_var: (512,)
[04/17 11:37:59][INFO] checkpoint.py: 260: t_res4_1_branch2b_bn_b: (32,) => s4.pathway1_res1.branch2.b_bn.bias: (32,)
[04/17 11:37:59][INFO] checkpoint.py: 260: res3_1_branch2c_bn_rm: (512,) => s3.pathway0_res1.branch2.c_bn.running_mean: (512,)
[04/17 11:37:59][INFO] checkpoint.py: 260: t_res4_4_branch2b_bn_b: (32,) => s4.pathway1_res4.branch2.b_bn.bias: (32,)
[04/17 11:37:59][INFO] checkpoint.py: 260: res3_1_branch2a_bn_s: (128,) => s3.pathway0_res1.branch2.a_bn.weight: (128,)
[04/17 11:37:59][INFO] checkpoint.py: 260: t_res3_3_branch2c_bn_b: (64,) => s3.pathway1_res3.branch2.c_bn.bias: (64,)
[04/17 11:37:59][INFO] checkpoint.py: 260: t_res4_1_branch2b_bn_s: (32,) => s4.pathway1_res1.branch2.b_bn.weight: (32,)
[04/17 11:37:59][INFO] checkpoint.py: 260: t_res4_4_branch2a_bn_b: (32,) => s4.pathway1_res4.branch2.a_bn.bias: (32,)
[04/17 11:37:59][INFO] checkpoint.py: 260: res5_1_branch2a_bn_s: (512,) => s5.pathway0_res1.branch2.a_bn.weight: (512,)
[04/17 11:37:59][INFO] checkpoint.py: 260: res4_0_branch2a_bn_riv: (256,) => s4.pathway0_res0.branch2.a_bn.running_var: (256,)
[04/17 11:37:59][INFO] checkpoint.py: 260: res5_1_branch2a_bn_b: (512,) => s5.pathway0_res1.branch2.a_bn.bias: (512,)
[04/17 11:37:59][INFO] checkpoint.py: 260: res4_2_branch2b_bn_riv: (256,) => s4.pathway0_res2.branch2.b_bn.running_var: (256,)
[04/17 11:37:59][INFO] checkpoint.py: 260: t_res2_2_branch2b_bn_rm: (8,) => s2.pathway1_res2.branch2.b_bn.running_mean: (8,)
[04/17 11:37:59][INFO] checkpoint.py: 260: res3_0_branch2c_w: (512, 128, 1, 1, 1) => s3.pathway0_res0.branch2.c.weight: (512, 128, 1, 1, 1)
[04/17 11:37:59][INFO] checkpoint.py: 260: t_res3_0_branch2a_bn_s: (16,) => s3.pathway1_res0.branch2.a_bn.weight: (16,)
[04/17 11:37:59][INFO] checkpoint.py: 260: t_res4_2_branch2c_bn_riv: (128,) => s4.pathway1_res2.branch2.c_bn.running_var: (128,)
[04/17 11:37:59][INFO] checkpoint.py: 260: t_res3_0_branch2a_bn_b: (16,) => s3.pathway1_res0.branch2.a_bn.bias: (16,)
[04/17 11:37:59][INFO] checkpoint.py: 260: t_res3_1_branch2a_bn_riv: (16,) => s3.pathway1_res1.branch2.a_bn.running_var: (16,)
[04/17 11:37:59][INFO] checkpoint.py: 260: t_res2_0_branch2b_bn_riv: (8,) => s2.pathway1_res0.branch2.b_bn.running_var: (8,)
[04/17 11:37:59][INFO] checkpoint.py: 260: t_res3_1_branch2a_bn_s: (16,) => s3.pathway1_res1.branch2.a_bn.weight: (16,)
[04/17 11:37:59][INFO] checkpoint.py: 260: res4_5_branch2b_bn_riv: (256,) => s4.pathway0_res5.branch2.b_bn.running_var: (256,)
[04/17 11:37:59][INFO] checkpoint.py: 260: res5_2_branch2b_bn_rm: (512,) => s5.pathway0_res2.branch2.b_bn.running_mean: (512,)
[04/17 11:37:59][INFO] checkpoint.py: 260: t_res3_3_branch2c_bn_s: (64,) => s3.pathway1_res3.branch2.c_bn.weight: (64,)
[04/17 11:37:59][INFO] checkpoint.py: 260: t_res2_0_branch1_bn_riv: (32,) => s2.pathway1_res0.branch1_bn.running_var: (32,)
[04/17 11:37:59][INFO] checkpoint.py: 260: res2_2_branch2b_bn_riv: (64,) => s2.pathway0_res2.branch2.b_bn.running_var: (64,)
[04/17 11:37:59][INFO] checkpoint.py: 260: res2_0_branch1_bn_rm: (256,) => s2.pathway0_res0.branch1_bn.running_mean: (256,)
[04/17 11:37:59][INFO] checkpoint.py: 260: res2_2_branch2b_w: (64, 64, 1, 3, 3) => s2.pathway0_res2.branch2.b.weight: (64, 64, 1, 3, 3)
[04/17 11:37:59][INFO] checkpoint.py: 260: res2_1_branch2a_bn_riv: (64,) => s2.pathway0_res1.branch2.a_bn.running_var: (64,)
[04/17 11:37:59][INFO] checkpoint.py: 260: t_res4_2_branch2b_bn_rm: (32,) => s4.pathway1_res2.branch2.b_bn.running_mean: (32,)
[04/17 11:37:59][INFO] checkpoint.py: 260: res4_2_branch2a_bn_riv: (256,) => s4.pathway0_res2.branch2.a_bn.running_var: (256,)
[04/17 11:37:59][INFO] checkpoint.py: 260: res4_2_branch2c_bn_s: (1024,) => s4.pathway0_res2.branch2.c_bn.weight: (1024,)
[04/17 11:37:59][INFO] checkpoint.py: 260: res3_3_branch2a_bn_s: (128,) => s3.pathway0_res3.branch2.a_bn.weight: (128,)
[04/17 11:37:59][INFO] checkpoint.py: 260: t_res2_0_branch2a_bn_riv: (8,) => s2.pathway1_res0.branch2.a_bn.running_var: (8,)
[04/17 11:37:59][INFO] checkpoint.py: 260: res3_0_branch2b_w: (128, 128, 1, 3, 3) => s3.pathway0_res0.branch2.b.weight: (128, 128, 1, 3, 3)
[04/17 11:37:59][INFO] checkpoint.py: 260: res4_5_branch2a_bn_riv: (256,) => s4.pathway0_res5.branch2.a_bn.running_var: (256,)
[04/17 11:37:59][INFO] checkpoint.py: 260: t_res3_3_branch2b_bn_rm: (16,) => s3.pathway1_res3.branch2.b_bn.running_mean: (16,)
[04/17 11:37:59][INFO] checkpoint.py: 260: t_res2_0_branch1_bn_s: (32,) => s2.pathway1_res0.branch1_bn.weight: (32,)
[04/17 11:37:59][INFO] checkpoint.py: 260: res4_0_branch2b_bn_riv: (256,) => s4.pathway0_res0.branch2.b_bn.running_var: (256,)
[04/17 11:37:59][INFO] checkpoint.py: 260: t_res4_0_branch2b_bn_riv: (32,) => s4.pathway1_res0.branch2.b_bn.running_var: (32,)
[04/17 11:37:59][INFO] checkpoint.py: 260: t_res3_0_branch2b_bn_b: (16,) => s3.pathway1_res0.branch2.b_bn.bias: (16,)
[04/17 11:37:59][INFO] checkpoint.py: 260: t_res2_0_branch1_bn_b: (32,) => s2.pathway1_res0.branch1_bn.bias: (32,)
[04/17 11:37:59][INFO] checkpoint.py: 260: t_res5_0_branch1_bn_s: (256,) => s5.pathway1_res0.branch1_bn.weight: (256,)
[04/17 11:37:59][INFO] checkpoint.py: 260: t_res5_1_branch2b_bn_s: (64,) => s5.pathway1_res1.branch2.b_bn.weight: (64,)
[04/17 11:37:59][INFO] checkpoint.py: 260: t_res3_0_branch1_bn_riv: (64,) => s3.pathway1_res0.branch1_bn.running_var: (64,)
[04/17 11:37:59][INFO] checkpoint.py: 260: t_res2_2_branch2c_bn_subsample_bn_s: (64,) => s2_fuse.bn.weight: (64,)
[04/17 11:37:59][INFO] checkpoint.py: 260: res5_0_branch2c_w: (2048, 512, 1, 1, 1) => s5.pathway0_res0.branch2.c.weight: (2048, 512, 1, 1, 1)
[04/17 11:37:59][INFO] checkpoint.py: 260: t_res4_5_branch2c_bn_s: (128,) => s4.pathway1_res5.branch2.c_bn.weight: (128,)
[04/17 11:37:59][INFO] checkpoint.py: 260: t_res5_0_branch2b_bn_rm: (64,) => s5.pathway1_res0.branch2.b_bn.running_mean: (64,)
[04/17 11:37:59][INFO] checkpoint.py: 260: t_res4_5_branch2b_bn_s: (32,) => s4.pathway1_res5.branch2.b_bn.weight: (32,)
[04/17 11:37:59][INFO] checkpoint.py: 260: t_res4_5_branch2b_bn_riv: (32,) => s4.pathway1_res5.branch2.b_bn.running_var: (32,)
[04/17 11:37:59][INFO] checkpoint.py: 260: res5_2_branch2a_w: (512, 2048, 3, 1, 1) => s5.pathway0_res2.branch2.a.weight: (512, 2048, 3, 1, 1)
[04/17 11:37:59][INFO] checkpoint.py: 260: t_res5_1_branch2a_w: (64, 256, 3, 1, 1) => s5.pathway1_res1.branch2.a.weight: (64, 256, 3, 1, 1)
[04/17 11:37:59][INFO] checkpoint.py: 260: t_res4_3_branch2b_bn_riv: (32,) => s4.pathway1_res3.branch2.b_bn.running_var: (32,)
[04/17 11:37:59][INFO] checkpoint.py: 260: t_res2_2_branch2c_bn_subsample_bn_b: (64,) => s2_fuse.bn.bias: (64,)
[04/17 11:37:59][INFO] checkpoint.py: 260: t_res4_5_branch2c_bn_b: (128,) => s4.pathway1_res5.branch2.c_bn.bias: (128,)
[04/17 11:37:59][INFO] checkpoint.py: 260: t_res4_5_branch2b_bn_b: (32,) => s4.pathway1_res5.branch2.b_bn.bias: (32,)
[04/17 11:37:59][INFO] checkpoint.py: 260: res2_0_branch2c_bn_rm: (256,) => s2.pathway0_res0.branch2.c_bn.running_mean: (256,)
[04/17 11:37:59][INFO] checkpoint.py: 260: res5_0_branch1_w: (2048, 1280, 1, 1, 1) => s5.pathway0_res0.branch1.weight: (2048, 1280, 1, 1, 1)
[04/17 11:37:59][INFO] checkpoint.py: 260: res2_2_branch2c_bn_b: (256,) => s2.pathway0_res2.branch2.c_bn.bias: (256,)
[04/17 11:37:59][INFO] checkpoint.py: 260: res4_5_branch2c_bn_b: (1024,) => s4.pathway0_res5.branch2.c_bn.bias: (1024,)
[04/17 11:38:00][INFO] checkpoint.py: 260: t_res2_2_branch2c_bn_subsample_bn_rm: (64,) => s2_fuse.bn.running_mean: (64,)
[04/17 11:38:00][INFO] checkpoint.py: 260: t_res2_0_branch2c_bn_b: (32,) => s2.pathway1_res0.branch2.c_bn.bias: (32,)
[04/17 11:38:00][INFO] checkpoint.py: 260: res4_3_branch2b_bn_s: (256,) => s4.pathway0_res3.branch2.b_bn.weight: (256,)
[04/17 11:38:00][INFO] checkpoint.py: 260: res3_2_branch2c_bn_riv: (512,) => s3.pathway0_res2.branch2.c_bn.running_var: (512,)
[04/17 11:38:00][INFO] checkpoint.py: 260: res5_0_branch2a_w: (512, 1280, 3, 1, 1) => s5.pathway0_res0.branch2.a.weight: (512, 1280, 3, 1, 1)
[04/17 11:38:00][INFO] checkpoint.py: 260: t_res2_0_branch2c_bn_s: (32,) => s2.pathway1_res0.branch2.c_bn.weight: (32,)
[04/17 11:38:00][INFO] checkpoint.py: 260: t_res2_1_branch2a_bn_rm: (8,) => s2.pathway1_res1.branch2.a_bn.running_mean: (8,)
[04/17 11:38:00][INFO] checkpoint.py: 260: res2_0_branch2b_bn_rm: (64,) => s2.pathway0_res0.branch2.b_bn.running_mean: (64,)
[04/17 11:38:00][INFO] checkpoint.py: 260: res2_2_branch2a_bn_rm: (64,) => s2.pathway0_res2.branch2.a_bn.running_mean: (64,)
[04/17 11:38:00][INFO] checkpoint.py: 260: t_res3_0_branch2a_bn_riv: (16,) => s3.pathway1_res0.branch2.a_bn.running_var: (16,)
[04/17 11:38:00][INFO] checkpoint.py: 260: t_res4_5_branch2a_bn_rm: (32,) => s4.pathway1_res5.branch2.a_bn.running_mean: (32,)
[04/17 11:38:00][INFO] checkpoint.py: 260: t_res3_0_branch2b_bn_s: (16,) => s3.pathway1_res0.branch2.b_bn.weight: (16,)
[04/17 11:38:00][INFO] checkpoint.py: 260: t_res3_2_branch2a_bn_b: (16,) => s3.pathway1_res2.branch2.a_bn.bias: (16,)
[04/17 11:38:00][INFO] checkpoint.py: 260: t_res5_2_branch2b_bn_b: (64,) => s5.pathway1_res2.branch2.b_bn.bias: (64,)
[04/17 11:38:00][INFO] checkpoint.py: 260: res5_1_branch2a_bn_rm: (512,) => s5.pathway0_res1.branch2.a_bn.running_mean: (512,)
[04/17 11:38:00][INFO] checkpoint.py: 260: t_res4_0_branch2a_bn_b: (32,) => s4.pathway1_res0.branch2.a_bn.bias: (32,)
[04/17 11:38:00][INFO] checkpoint.py: 260: res5_2_branch2b_w: (512, 512, 1, 3, 3) => s5.pathway0_res2.branch2.b.weight: (512, 512, 1, 3, 3)
[04/17 11:38:00][INFO] checkpoint.py: 260: t_res2_2_branch2a_bn_riv: (8,) => s2.pathway1_res2.branch2.a_bn.running_var: (8,)
[04/17 11:38:00][INFO] checkpoint.py: 260: t_res2_1_branch2c_bn_riv: (32,) => s2.pathway1_res1.branch2.c_bn.running_var: (32,)
[04/17 11:38:00][INFO] checkpoint.py: 260: t_res5_2_branch2b_bn_s: (64,) => s5.pathway1_res2.branch2.b_bn.weight: (64,)
[04/17 11:38:00][INFO] checkpoint.py: 260: t_res5_1_branch2a_bn_rm: (64,) => s5.pathway1_res1.branch2.a_bn.running_mean: (64,)
[04/17 11:38:00][INFO] checkpoint.py: 260: res4_0_branch2c_bn_b: (1024,) => s4.pathway0_res0.branch2.c_bn.bias: (1024,)
[04/17 11:38:00][INFO] checkpoint.py: 260: res4_2_branch2a_w: (256, 1024, 3, 1, 1) => s4.pathway0_res2.branch2.a.weight: (256, 1024, 3, 1, 1)
[04/17 11:38:00][INFO] checkpoint.py: 260: t_res3_0_branch2a_w: (16, 32, 3, 1, 1) => s3.pathway1_res0.branch2.a.weight: (16, 32, 3, 1, 1)
[04/17 11:38:00][INFO] checkpoint.py: 260: res4_0_branch2c_bn_s: (1024,) => s4.pathway0_res0.branch2.c_bn.weight: (1024,)
[04/17 11:38:00][INFO] checkpoint.py: 260: res3_3_branch2b_bn_b: (128,) => s3.pathway0_res3.branch2.b_bn.bias: (128,)
[04/17 11:38:00][INFO] checkpoint.py: 260: res5_1_branch2c_bn_riv: (2048,) => s5.pathway0_res1.branch2.c_bn.running_var: (2048,)
[04/17 11:38:00][INFO] checkpoint.py: 260: t_res3_0_branch1_w: (64, 32, 1, 1, 1) => s3.pathway1_res0.branch1.weight: (64, 32, 1, 1, 1)
[04/17 11:38:00][INFO] checkpoint.py: 260: res4_1_branch2a_bn_riv: (256,) => s4.pathway0_res1.branch2.a_bn.running_var: (256,)
[04/17 11:38:00][INFO] checkpoint.py: 260: conv1_w: (64, 3, 1, 7, 7) => s1.pathway0_stem.conv.weight: (64, 3, 1, 7, 7)
[04/17 11:38:00][INFO] checkpoint.py: 260: res2_0_branch1_bn_riv: (256,) => s2.pathway0_res0.branch1_bn.running_var: (256,)
[04/17 11:38:00][INFO] checkpoint.py: 260: res3_2_branch2c_bn_rm: (512,) => s3.pathway0_res2.branch2.c_bn.running_mean: (512,)
[04/17 11:38:00][INFO] checkpoint.py: 260: res4_4_branch2c_bn_s: (1024,) => s4.pathway0_res4.branch2.c_bn.weight: (1024,)
[04/17 11:38:00][INFO] checkpoint.py: 260: res4_1_branch2c_bn_b: (1024,) => s4.pathway0_res1.branch2.c_bn.bias: (1024,)
[04/17 11:38:00][INFO] checkpoint.py: 260: res5_0_branch2b_bn_rm: (512,) => s5.pathway0_res0.branch2.b_bn.running_mean: (512,)
[04/17 11:38:00][INFO] checkpoint.py: 260: t_res5_1_branch2c_bn_s: (256,) => s5.pathway1_res1.branch2.c_bn.weight: (256,)
[04/17 11:38:00][INFO] checkpoint.py: 260: t_res2_1_branch2c_bn_rm: (32,) => s2.pathway1_res1.branch2.c_bn.running_mean: (32,)
[04/17 11:38:00][INFO] checkpoint.py: 260: res4_4_branch2b_bn_riv: (256,) => s4.pathway0_res4.branch2.b_bn.running_var: (256,)
[04/17 11:38:00][INFO] checkpoint.py: 260: res4_1_branch2c_bn_s: (1024,) => s4.pathway0_res1.branch2.c_bn.weight: (1024,)
[04/17 11:38:00][INFO] checkpoint.py: 260: res4_1_branch2c_bn_riv: (1024,) => s4.pathway0_res1.branch2.c_bn.running_var: (1024,)
[04/17 11:38:00][INFO] checkpoint.py: 260: t_res5_1_branch2c_bn_b: (256,) => s5.pathway1_res1.branch2.c_bn.bias: (256,)
[04/17 11:38:00][INFO] checkpoint.py: 260: res4_5_branch2b_bn_rm: (256,) => s4.pathway0_res5.branch2.b_bn.running_mean: (256,)
[04/17 11:38:00][INFO] checkpoint.py: 260: t_res4_5_branch2a_w: (32, 128, 3, 1, 1) => s4.pathway1_res5.branch2.a.weight: (32, 128, 3, 1, 1)
[04/17 11:38:00][INFO] checkpoint.py: 260: t_res5_0_branch2a_bn_b: (64,) => s5.pathway1_res0.branch2.a_bn.bias: (64,)
[04/17 11:38:00][INFO] checkpoint.py: 260: res3_1_branch2b_bn_rm: (128,) => s3.pathway0_res1.branch2.b_bn.running_mean: (128,)
[04/17 11:38:00][INFO] checkpoint.py: 260: t_pool1_subsample_bn_riv: (16,) => s1_fuse.bn.running_var: (16,)
[04/17 11:38:00][INFO] checkpoint.py: 260: res4_1_branch2a_bn_rm: (256,) => s4.pathway0_res1.branch2.a_bn.running_mean: (256,)
[04/17 11:38:00][INFO] checkpoint.py: 260: t_res5_0_branch2a_bn_s: (64,) => s5.pathway1_res0.branch2.a_bn.weight: (64,)
[04/17 11:38:00][INFO] checkpoint.py: 260: res2_1_branch2c_w: (256, 64, 1, 1, 1) => s2.pathway0_res1.branch2.c.weight: (256, 64, 1, 1, 1)
[04/17 11:38:00][INFO] checkpoint.py: 260: t_res3_1_branch2b_bn_s: (16,) => s3.pathway1_res1.branch2.b_bn.weight: (16,)
[04/17 11:38:00][INFO] checkpoint.py: 260: res2_0_branch2a_bn_riv: (64,) => s2.pathway0_res0.branch2.a_bn.running_var: (64,)
[04/17 11:38:00][INFO] checkpoint.py: 260: res5_0_branch2a_bn_rm: (512,) => s5.pathway0_res0.branch2.a_bn.running_mean: (512,)
[04/17 11:38:00][INFO] checkpoint.py: 260: res3_0_branch2c_bn_riv: (512,) => s3.pathway0_res0.branch2.c_bn.running_var: (512,)
[04/17 11:38:00][INFO] checkpoint.py: 260: res3_2_branch2c_bn_s: (512,) => s3.pathway0_res2.branch2.c_bn.weight: (512,)
[04/17 11:38:00][INFO] checkpoint.py: 260: t_res3_1_branch2b_bn_b: (16,) => s3.pathway1_res1.branch2.b_bn.bias: (16,)
[04/17 11:38:00][INFO] checkpoint.py: 260: t_res3_2_branch2a_bn_s: (16,) => s3.pathway1_res2.branch2.a_bn.weight: (16,)
[04/17 11:38:00][INFO] checkpoint.py: 260: t_res4_4_branch2c_bn_s: (128,) => s4.pathway1_res4.branch2.c_bn.weight: (128,)
[04/17 11:38:00][INFO] checkpoint.py: 260: t_res2_2_branch2b_bn_riv: (8,) => s2.pathway1_res2.branch2.b_bn.running_var: (8,)
[04/17 11:38:00][INFO] checkpoint.py: 260: res5_0_branch2a_bn_b: (512,) => s5.pathway0_res0.branch2.a_bn.bias: (512,)
[04/17 11:38:00][INFO] checkpoint.py: 260: t_res4_4_branch2c_bn_b: (128,) => s4.pathway1_res4.branch2.c_bn.bias: (128,)
[04/17 11:38:00][INFO] checkpoint.py: 260: res3_1_branch2b_bn_b: (128,) => s3.pathway0_res1.branch2.b_bn.bias: (128,)
[04/17 11:38:00][INFO] checkpoint.py: 260: res3_2_branch2a_bn_s: (128,) => s3.pathway0_res2.branch2.a_bn.weight: (128,)
[04/17 11:38:00][INFO] checkpoint.py: 260: t_res4_1_branch2a_bn_rm: (32,) => s4.pathway1_res1.branch2.a_bn.running_mean: (32,)
[04/17 11:38:00][INFO] checkpoint.py: 260: res5_0_branch2a_bn_s: (512,) => s5.pathway0_res0.branch2.a_bn.weight: (512,)
[04/17 11:38:00][INFO] checkpoint.py: 260: t_res5_2_branch2c_bn_b: (256,) => s5.pathway1_res2.branch2.c_bn.bias: (256,)
[04/17 11:38:00][INFO] checkpoint.py: 260: t_res4_0_branch2b_bn_rm: (32,) => s4.pathway1_res0.branch2.b_bn.running_mean: (32,)
[04/17 11:38:00][INFO] checkpoint.py: 260: t_res4_0_branch1_w: (128, 64, 1, 1, 1) => s4.pathway1_res0.branch1.weight: (128, 64, 1, 1, 1)
[04/17 11:38:00][INFO] checkpoint.py: 260: res4_0_branch2b_bn_s: (256,) => s4.pathway0_res0.branch2.b_bn.weight: (256,)
[04/17 11:38:00][INFO] checkpoint.py: 260: res4_2_branch2a_bn_b: (256,) => s4.pathway0_res2.branch2.a_bn.bias: (256,)
[04/17 11:38:00][INFO] checkpoint.py: 260: res5_2_branch2b_bn_s: (512,) => s5.pathway0_res2.branch2.b_bn.weight: (512,)
[04/17 11:38:00][INFO] checkpoint.py: 260: res4_3_branch2c_bn_s: (1024,) => s4.pathway0_res3.branch2.c_bn.weight: (1024,)
[04/17 11:38:00][INFO] checkpoint.py: 260: res4_2_branch2a_bn_s: (256,) => s4.pathway0_res2.branch2.a_bn.weight: (256,)
[04/17 11:38:00][INFO] checkpoint.py: 260: res5_2_branch2b_bn_b: (512,) => s5.pathway0_res2.branch2.b_bn.bias: (512,)
[04/17 11:38:00][INFO] checkpoint.py: 260: t_res2_0_branch1_bn_rm: (32,) => s2.pathway1_res0.branch1_bn.running_mean: (32,)
[04/17 11:38:00][INFO] checkpoint.py: 260: res3_1_branch2a_w: (128, 512, 1, 1, 1) => s3.pathway0_res1.branch2.a.weight: (128, 512, 1, 1, 1)
[04/17 11:38:00][INFO] checkpoint.py: 260: res4_3_branch2c_bn_b: (1024,) => s4.pathway0_res3.branch2.c_bn.bias: (1024,)
[04/17 11:38:00][INFO] checkpoint.py: 260: res3_0_branch2b_bn_rm: (128,) => s3.pathway0_res0.branch2.b_bn.running_mean: (128,)
[04/17 11:38:00][INFO] checkpoint.py: 260: res5_0_branch2b_bn_b: (512,) => s5.pathway0_res0.branch2.b_bn.bias: (512,)
[04/17 11:38:00][INFO] checkpoint.py: 260: res5_2_branch2a_bn_b: (512,) => s5.pathway0_res2.branch2.a_bn.bias: (512,)
[04/17 11:38:00][INFO] checkpoint.py: 260: t_res5_0_branch1_bn_riv: (256,) => s5.pathway1_res0.branch1_bn.running_var: (256,)
[04/17 11:38:00][INFO] checkpoint.py: 260: t_res3_0_branch1_bn_b: (64,) => s3.pathway1_res0.branch1_bn.bias: (64,)
[04/17 11:38:00][INFO] checkpoint.py: 260: t_res4_1_branch2c_bn_b: (128,) => s4.pathway1_res1.branch2.c_bn.bias: (128,)
[04/17 11:38:00][INFO] checkpoint.py: 260: res3_3_branch2a_bn_b: (128,) => s3.pathway0_res3.branch2.a_bn.bias: (128,)
[04/17 11:38:00][INFO] checkpoint.py: 260: t_res4_0_branch2c_w: (128, 32, 1, 1, 1) => s4.pathway1_res0.branch2.c.weight: (128, 32, 1, 1, 1)
[04/17 11:38:00][INFO] checkpoint.py: 260: res5_2_branch2a_bn_s: (512,) => s5.pathway0_res2.branch2.a_bn.weight: (512,)
[04/17 11:38:00][INFO] checkpoint.py: 260: t_res3_0_branch1_bn_s: (64,) => s3.pathway1_res0.branch1_bn.weight: (64,)
[04/17 11:38:00][INFO] checkpoint.py: 260: t_res4_1_branch2c_bn_s: (128,) => s4.pathway1_res1.branch2.c_bn.weight: (128,)
[04/17 11:38:00][INFO] checkpoint.py: 260: res2_0_branch1_bn_b: (256,) => s2.pathway0_res0.branch1_bn.bias: (256,)
[04/17 11:38:00][INFO] checkpoint.py: 260: res4_1_branch2b_bn_riv: (256,) => s4.pathway0_res1.branch2.b_bn.running_var: (256,)
[04/17 11:38:00][INFO] checkpoint.py: 260: res4_0_branch2b_bn_rm: (256,) => s4.pathway0_res0.branch2.b_bn.running_mean: (256,)
[04/17 11:38:00][INFO] checkpoint.py: 260: res4_0_branch1_bn_s: (1024,) => s4.pathway0_res0.branch1_bn.weight: (1024,)
[04/17 11:38:00][INFO] checkpoint.py: 260: t_res3_2_branch2c_w: (64, 16, 1, 1, 1) => s3.pathway1_res2.branch2.c.weight: (64, 16, 1, 1, 1)
[04/17 11:38:00][INFO] checkpoint.py: 260: res4_2_branch2a_bn_rm: (256,) => s4.pathway0_res2.branch2.a_bn.running_mean: (256,)
[04/17 11:38:00][INFO] checkpoint.py: 260: t_res4_0_branch1_bn_b: (128,) => s4.pathway1_res0.branch1_bn.bias: (128,)
[04/17 11:38:00][INFO] checkpoint.py: 260: res2_0_branch2b_w: (64, 64, 1, 3, 3) => s2.pathway0_res0.branch2.b.weight: (64, 64, 1, 3, 3)
[04/17 11:38:00][INFO] checkpoint.py: 260: t_res5_0_branch2c_w: (256, 64, 1, 1, 1) => s5.pathway1_res0.branch2.c.weight: (256, 64, 1, 1, 1)
[04/17 11:38:00][INFO] checkpoint.py: 260: res4_0_branch1_bn_b: (1024,) => s4.pathway0_res0.branch1_bn.bias: (1024,)
[04/17 11:38:00][INFO] checkpoint.py: 260: res4_1_branch2c_bn_rm: (1024,) => s4.pathway0_res1.branch2.c_bn.running_mean: (1024,)
[04/17 11:38:00][INFO] checkpoint.py: 260: t_res4_2_branch2b_bn_riv: (32,) => s4.pathway1_res2.branch2.b_bn.running_var: (32,)
[04/17 11:38:00][INFO] checkpoint.py: 260: res4_3_branch2a_bn_rm: (256,) => s4.pathway0_res3.branch2.a_bn.running_mean: (256,)
[04/17 11:38:00][INFO] checkpoint.py: 260: t_res5_0_branch2b_bn_b: (64,) => s5.pathway1_res0.branch2.b_bn.bias: (64,)
[04/17 11:38:00][INFO] checkpoint.py: 260: t_res4_1_branch2a_w: (32, 128, 3, 1, 1) => s4.pathway1_res1.branch2.a.weight: (32, 128, 3, 1, 1)
[04/17 11:38:00][INFO] checkpoint.py: 260: res4_2_branch2b_w: (256, 256, 1, 3, 3) => s4.pathway0_res2.branch2.b.weight: (256, 256, 1, 3, 3)
[04/17 11:38:00][INFO] checkpoint.py: 260: res3_1_branch2c_w: (512, 128, 1, 1, 1) => s3.pathway0_res1.branch2.c.weight: (512, 128, 1, 1, 1)
